{"/Users/ben/.openclaw/workspace-coder/ai-workflow/frontend/src/api/workflowApi.ts": {"path":"/Users/ben/.openclaw/workspace-coder/ai-workflow/frontend/src/api/workflowApi.ts","statementMap":{"0":{"start":{"line":3,"column":21},"end":{"line":3,"column":null}},"1":{"start":{"line":6,"column":18},"end":{"line":12,"column":2}},"2":{"start":{"line":15,"column":0},"end":{"line":26,"column":null}},"3":{"start":{"line":17,"column":19},"end":{"line":17,"column":null}},"4":{"start":{"line":18,"column":4},"end":{"line":19,"column":null}},"5":{"start":{"line":19,"column":6},"end":{"line":19,"column":null}},"6":{"start":{"line":21,"column":4},"end":{"line":21,"column":null}},"7":{"start":{"line":24,"column":4},"end":{"line":24,"column":null}},"8":{"start":{"line":29,"column":0},"end":{"line":47,"column":null}},"9":{"start":{"line":30,"column":16},"end":{"line":30,"column":null}},"10":{"start":{"line":32,"column":4},"end":{"line":32,"column":null}},"11":{"start":{"line":35,"column":4},"end":{"line":42,"column":null}},"12":{"start":{"line":36,"column":6},"end":{"line":36,"column":null}},"13":{"start":{"line":37,"column":15},"end":{"line":42,"column":null}},"14":{"start":{"line":38,"column":6},"end":{"line":38,"column":null}},"15":{"start":{"line":39,"column":15},"end":{"line":42,"column":null}},"16":{"start":{"line":40,"column":6},"end":{"line":40,"column":null}},"17":{"start":{"line":41,"column":15},"end":{"line":42,"column":null}},"18":{"start":{"line":42,"column":6},"end":{"line":42,"column":null}},"19":{"start":{"line":45,"column":4},"end":{"line":45,"column":null}},"20":{"start":{"line":107,"column":27},"end":{"line":162,"column":null}},"21":{"start":{"line":112,"column":21},"end":{"line":112,"column":78}},"22":{"start":{"line":113,"column":4},"end":{"line":113,"column":null}},"23":{"start":{"line":120,"column":21},"end":{"line":120,"column":75}},"24":{"start":{"line":121,"column":4},"end":{"line":121,"column":null}},"25":{"start":{"line":128,"column":21},"end":{"line":128,"column":70}},"26":{"start":{"line":129,"column":4},"end":{"line":129,"column":null}},"27":{"start":{"line":136,"column":21},"end":{"line":136,"column":80}},"28":{"start":{"line":137,"column":4},"end":{"line":137,"column":null}},"29":{"start":{"line":144,"column":4},"end":{"line":144,"column":null}},"30":{"start":{"line":151,"column":21},"end":{"line":151,"column":83}},"31":{"start":{"line":152,"column":4},"end":{"line":152,"column":null}},"32":{"start":{"line":159,"column":21},"end":{"line":159,"column":69}},"33":{"start":{"line":160,"column":4},"end":{"line":160,"column":null}},"34":{"start":{"line":164,"column":28},"end":{"line":190,"column":null}},"35":{"start":{"line":169,"column":21},"end":{"line":169,"column":80}},"36":{"start":{"line":170,"column":4},"end":{"line":170,"column":null}},"37":{"start":{"line":177,"column":21},"end":{"line":177,"column":69}},"38":{"start":{"line":178,"column":4},"end":{"line":178,"column":null}},"39":{"start":{"line":185,"column":21},"end":{"line":187,"column":6}},"40":{"start":{"line":188,"column":4},"end":{"line":188,"column":null}},"41":{"start":{"line":192,"column":27},"end":{"line":200,"column":null}},"42":{"start":{"line":197,"column":21},"end":{"line":197,"column":66}},"43":{"start":{"line":198,"column":4},"end":{"line":198,"column":null}}},"fnMap":{"0":{"name":"(anonymous_0)","decl":{"start":{"line":15,"column":31},"end":{"line":15,"column":null}},"loc":{"start":{"line":16,"column":14},"end":{"line":23,"column":13}},"line":16},"1":{"name":"(anonymous_1)","decl":{"start":{"line":23,"column":3},"end":{"line":23,"column":13}},"loc":{"start":{"line":23,"column":13},"end":{"line":26,"column":null}},"line":23},"2":{"name":"(anonymous_2)","decl":{"start":{"line":29,"column":32},"end":{"line":29,"column":null}},"loc":{"start":{"line":30,"column":16},"end":{"line":30,"column":null}},"line":30},"3":{"name":"(anonymous_3)","decl":{"start":{"line":30,"column":16},"end":{"line":30,"column":null}},"loc":{"start":{"line":31,"column":25},"end":{"line":47,"column":null}},"line":31},"4":{"name":"(anonymous_4)","decl":{"start":{"line":111,"column":17},"end":{"line":111,"column":24}},"loc":{"start":{"line":111,"column":102},"end":{"line":113,"column":null}},"line":111},"5":{"name":"(anonymous_5)","decl":{"start":{"line":119,"column":18},"end":{"line":119,"column":25}},"loc":{"start":{"line":119,"column":107},"end":{"line":121,"column":null}},"line":119},"6":{"name":"(anonymous_6)","decl":{"start":{"line":127,"column":15},"end":{"line":127,"column":22}},"loc":{"start":{"line":127,"column":56},"end":{"line":129,"column":null}},"line":127},"7":{"name":"(anonymous_7)","decl":{"start":{"line":135,"column":18},"end":{"line":135,"column":25}},"loc":{"start":{"line":135,"column":88},"end":{"line":137,"column":null}},"line":135},"8":{"name":"(anonymous_8)","decl":{"start":{"line":143,"column":18},"end":{"line":143,"column":25}},"loc":{"start":{"line":143,"column":55},"end":{"line":144,"column":null}},"line":143},"9":{"name":"(anonymous_9)","decl":{"start":{"line":150,"column":19},"end":{"line":150,"column":26}},"loc":{"start":{"line":150,"column":141},"end":{"line":152,"column":null}},"line":150},"10":{"name":"(anonymous_10)","decl":{"start":{"line":158,"column":19},"end":{"line":158,"column":26}},"loc":{"start":{"line":158,"column":60},"end":{"line":160,"column":null}},"line":158},"11":{"name":"(anonymous_11)","decl":{"start":{"line":168,"column":22},"end":{"line":168,"column":29}},"loc":{"start":{"line":168,"column":72},"end":{"line":170,"column":null}},"line":168},"12":{"name":"(anonymous_12)","decl":{"start":{"line":176,"column":19},"end":{"line":176,"column":26}},"loc":{"start":{"line":176,"column":69},"end":{"line":178,"column":null}},"line":176},"13":{"name":"(anonymous_13)","decl":{"start":{"line":184,"column":23},"end":{"line":184,"column":30}},"loc":{"start":{"line":184,"column":99},"end":{"line":188,"column":null}},"line":184},"14":{"name":"(anonymous_14)","decl":{"start":{"line":196,"column":17},"end":{"line":196,"column":50}},"loc":{"start":{"line":196,"column":50},"end":{"line":200,"column":null}},"line":196}},"branchMap":{"0":{"loc":{"start":{"line":17,"column":19},"end":{"line":17,"column":null}},"type":"binary-expr","locations":[{"start":{"line":17,"column":19},"end":{"line":17,"column":49}},{"start":{"line":17,"column":53},"end":{"line":17,"column":null}}],"line":17},"1":{"loc":{"start":{"line":18,"column":4},"end":{"line":19,"column":null}},"type":"if","locations":[{"start":{"line":18,"column":4},"end":{"line":19,"column":null}},{"start":{},"end":{}}],"line":18},"2":{"loc":{"start":{"line":35,"column":4},"end":{"line":42,"column":null}},"type":"if","locations":[{"start":{"line":35,"column":4},"end":{"line":42,"column":null}},{"start":{"line":37,"column":15},"end":{"line":42,"column":null}}],"line":35},"3":{"loc":{"start":{"line":37,"column":15},"end":{"line":42,"column":null}},"type":"if","locations":[{"start":{"line":37,"column":15},"end":{"line":42,"column":null}},{"start":{"line":39,"column":15},"end":{"line":42,"column":null}}],"line":37},"4":{"loc":{"start":{"line":39,"column":15},"end":{"line":42,"column":null}},"type":"if","locations":[{"start":{"line":39,"column":15},"end":{"line":42,"column":null}},{"start":{"line":41,"column":15},"end":{"line":42,"column":null}}],"line":39},"5":{"loc":{"start":{"line":41,"column":15},"end":{"line":42,"column":null}},"type":"if","locations":[{"start":{"line":41,"column":15},"end":{"line":42,"column":null}},{"start":{},"end":{}}],"line":41},"6":{"loc":{"start":{"line":151,"column":70},"end":{"line":151,"column":82}},"type":"binary-expr","locations":[{"start":{"line":151,"column":70},"end":{"line":151,"column":80}},{"start":{"line":151,"column":80},"end":{"line":151,"column":82}}],"line":151},"7":{"loc":{"start":{"line":184,"column":46},"end":{"line":184,"column":99}},"type":"default-arg","locations":[{"start":{"line":184,"column":62},"end":{"line":184,"column":99}}],"line":184}},"s":{"0":2,"1":2,"2":2,"3":23,"4":23,"5":23,"6":23,"7":0,"8":2,"9":21,"10":2,"11":2,"12":2,"13":0,"14":0,"15":0,"16":0,"17":0,"18":0,"19":0,"20":2,"21":4,"22":4,"23":2,"24":2,"25":4,"26":2,"27":2,"28":2,"29":2,"30":3,"31":3,"32":0,"33":0,"34":2,"35":3,"36":3,"37":1,"38":1,"39":0,"40":0,"41":2,"42":2,"43":2},"f":{"0":23,"1":0,"2":21,"3":2,"4":4,"5":2,"6":4,"7":2,"8":2,"9":3,"10":0,"11":3,"12":1,"13":0,"14":2},"b":{"0":[23,23],"1":[23,0],"2":[2,0],"3":[0,0],"4":[0,0],"5":[0,0],"6":[3,1],"7":[0]},"meta":{"lastBranch":8,"lastFunction":15,"lastStatement":44,"seen":{"s:3:21:3:Infinity":0,"s:6:18:12:2":1,"s:15:0:26:Infinity":2,"f:15:31:15:Infinity":0,"s:17:19:17:Infinity":3,"b:17:19:17:49:17:53:17:Infinity":0,"b:18:4:19:Infinity:undefined:undefined:undefined:undefined":1,"s:18:4:19:Infinity":4,"s:19:6:19:Infinity":5,"s:21:4:21:Infinity":6,"f:23:3:23:13":1,"s:24:4:24:Infinity":7,"s:29:0:47:Infinity":8,"f:29:32:29:Infinity":2,"s:30:16:30:Infinity":9,"f:30:16:30:Infinity":3,"s:32:4:32:Infinity":10,"b:35:4:42:Infinity:37:15:42:Infinity":2,"s:35:4:42:Infinity":11,"s:36:6:36:Infinity":12,"b:37:15:42:Infinity:39:15:42:Infinity":3,"s:37:15:42:Infinity":13,"s:38:6:38:Infinity":14,"b:39:15:42:Infinity:41:15:42:Infinity":4,"s:39:15:42:Infinity":15,"s:40:6:40:Infinity":16,"b:41:15:42:Infinity:undefined:undefined:undefined:undefined":5,"s:41:15:42:Infinity":17,"s:42:6:42:Infinity":18,"s:45:4:45:Infinity":19,"s:107:27:162:Infinity":20,"f:111:17:111:24":4,"s:112:21:112:78":21,"s:113:4:113:Infinity":22,"f:119:18:119:25":5,"s:120:21:120:75":23,"s:121:4:121:Infinity":24,"f:127:15:127:22":6,"s:128:21:128:70":25,"s:129:4:129:Infinity":26,"f:135:18:135:25":7,"s:136:21:136:80":27,"s:137:4:137:Infinity":28,"f:143:18:143:25":8,"s:144:4:144:Infinity":29,"f:150:19:150:26":9,"s:151:21:151:83":30,"b:151:70:151:80:151:80:151:82":6,"s:152:4:152:Infinity":31,"f:158:19:158:26":10,"s:159:21:159:69":32,"s:160:4:160:Infinity":33,"s:164:28:190:Infinity":34,"f:168:22:168:29":11,"s:169:21:169:80":35,"s:170:4:170:Infinity":36,"f:176:19:176:26":12,"s:177:21:177:69":37,"s:178:4:178:Infinity":38,"f:184:23:184:30":13,"b:184:62:184:99":7,"s:185:21:187:6":39,"s:188:4:188:Infinity":40,"s:192:27:200:Infinity":41,"f:196:17:196:50":14,"s:197:21:197:66":42,"s:198:4:198:Infinity":43}}}
,"/Users/ben/.openclaw/workspace-coder/ai-workflow/frontend/src/components/ImportExportModal.tsx": {"path":"/Users/ben/.openclaw/workspace-coder/ai-workflow/frontend/src/components/ImportExportModal.tsx","statementMap":{"0":{"start":{"line":17,"column":17},"end":{"line":17,"column":null}},"1":{"start":{"line":30,"column":13},"end":{"line":197,"column":null}},"2":{"start":{"line":37,"column":25},"end":{"line":37,"column":61}},"3":{"start":{"line":38,"column":22},"end":{"line":38,"column":59}},"4":{"start":{"line":39,"column":8},"end":{"line":39,"column":53}},"5":{"start":{"line":42,"column":2},"end":{"line":126,"column":null}},"6":{"start":{"line":43,"column":25},"end":{"line":59,"column":null}},"7":{"start":{"line":44,"column":6},"end":{"line":44,"column":null}},"8":{"start":{"line":46,"column":6},"end":{"line":59,"column":null}},"9":{"start":{"line":47,"column":23},"end":{"line":47,"column":61}},"10":{"start":{"line":49,"column":8},"end":{"line":54,"column":null}},"11":{"start":{"line":50,"column":10},"end":{"line":50,"column":null}},"12":{"start":{"line":51,"column":10},"end":{"line":51,"column":null}},"13":{"start":{"line":52,"column":10},"end":{"line":52,"column":null}},"14":{"start":{"line":54,"column":10},"end":{"line":54,"column":null}},"15":{"start":{"line":57,"column":8},"end":{"line":57,"column":null}},"16":{"start":{"line":59,"column":8},"end":{"line":59,"column":null}},"17":{"start":{"line":64,"column":4},"end":{"line":68,"column":null}},"18":{"start":{"line":65,"column":6},"end":{"line":66,"column":null}},"19":{"start":{"line":66,"column":8},"end":{"line":66,"column":null}},"20":{"start":{"line":70,"column":4},"end":{"line":126,"column":null}},"21":{"start":{"line":109,"column":18},"end":{"line":111,"column":null}},"22":{"start":{"line":133,"column":27},"end":{"line":155,"column":null}},"23":{"start":{"line":134,"column":17},"end":{"line":134,"column":null}},"24":{"start":{"line":135,"column":4},"end":{"line":135,"column":null}},"25":{"start":{"line":135,"column":15},"end":{"line":135,"column":null}},"26":{"start":{"line":137,"column":4},"end":{"line":137,"column":null}},"27":{"start":{"line":139,"column":4},"end":{"line":155,"column":null}},"28":{"start":{"line":140,"column":21},"end":{"line":140,"column":55}},"29":{"start":{"line":142,"column":6},"end":{"line":150,"column":null}},"30":{"start":{"line":143,"column":8},"end":{"line":143,"column":null}},"31":{"start":{"line":144,"column":8},"end":{"line":144,"column":null}},"32":{"start":{"line":145,"column":8},"end":{"line":145,"column":null}},"33":{"start":{"line":147,"column":25},"end":{"line":149,"column":null}},"34":{"start":{"line":150,"column":8},"end":{"line":150,"column":null}},"35":{"start":{"line":153,"column":6},"end":{"line":153,"column":null}},"36":{"start":{"line":155,"column":6},"end":{"line":155,"column":null}},"37":{"start":{"line":159,"column":2},"end":{"line":197,"column":null}},"38":{"start":{"line":183,"column":28},"end":{"line":183,"column":null}}},"fnMap":{"0":{"name":"(anonymous_0)","decl":{"start":{"line":30,"column":13},"end":{"line":30,"column":68}},"loc":{"start":{"line":36,"column":6},"end":{"line":197,"column":null}},"line":36},"1":{"name":"(anonymous_1)","decl":{"start":{"line":43,"column":25},"end":{"line":43,"column":37}},"loc":{"start":{"line":43,"column":37},"end":{"line":59,"column":null}},"line":43},"2":{"name":"(anonymous_2)","decl":{"start":{"line":64,"column":10},"end":{"line":64,"column":26}},"loc":{"start":{"line":64,"column":26},"end":{"line":68,"column":8}},"line":64},"3":{"name":"(anonymous_3)","decl":{"start":{"line":108,"column":47},"end":{"line":108,"column":52}},"loc":{"start":{"line":109,"column":18},"end":{"line":111,"column":null}},"line":109},"4":{"name":"(anonymous_4)","decl":{"start":{"line":133,"column":27},"end":{"line":133,"column":34}},"loc":{"start":{"line":133,"column":65},"end":{"line":155,"column":null}},"line":133},"5":{"name":"(anonymous_5)","decl":{"start":{"line":183,"column":8},"end":{"line":183,"column":28}},"loc":{"start":{"line":183,"column":28},"end":{"line":183,"column":null}},"line":183}},"branchMap":{"0":{"loc":{"start":{"line":42,"column":2},"end":{"line":126,"column":null}},"type":"if","locations":[{"start":{"line":42,"column":2},"end":{"line":126,"column":null}},{"start":{},"end":{}}],"line":42},"1":{"loc":{"start":{"line":49,"column":8},"end":{"line":54,"column":null}},"type":"if","locations":[{"start":{"line":49,"column":8},"end":{"line":54,"column":null}},{"start":{"line":53,"column":15},"end":{"line":54,"column":null}}],"line":49},"2":{"loc":{"start":{"line":54,"column":24},"end":{"line":54,"column":47}},"type":"binary-expr","locations":[{"start":{"line":54,"column":24},"end":{"line":54,"column":40}},{"start":{"line":54,"column":40},"end":{"line":54,"column":47}}],"line":54},"3":{"loc":{"start":{"line":65,"column":6},"end":{"line":66,"column":null}},"type":"if","locations":[{"start":{"line":65,"column":6},"end":{"line":66,"column":null}},{"start":{},"end":{}}],"line":65},"4":{"loc":{"start":{"line":90,"column":9},"end":{"line":115,"column":null}},"type":"binary-expr","locations":[{"start":{"line":90,"column":9},"end":{"line":90,"column":null}},{"start":{"line":91,"column":10},"end":{"line":115,"column":null}}],"line":90},"5":{"loc":{"start":{"line":102,"column":13},"end":{"line":115,"column":null}},"type":"cond-expr","locations":[{"start":{"line":103,"column":14},"end":{"line":107,"column":15}},{"start":{"line":107,"column":14},"end":{"line":115,"column":null}}],"line":102},"6":{"loc":{"start":{"line":113,"column":17},"end":{"line":115,"column":null}},"type":"binary-expr","locations":[{"start":{"line":113,"column":17},"end":{"line":113,"column":null}},{"start":{"line":114,"column":18},"end":{"line":115,"column":null}}],"line":113},"7":{"loc":{"start":{"line":135,"column":4},"end":{"line":135,"column":null}},"type":"if","locations":[{"start":{"line":135,"column":4},"end":{"line":135,"column":null}},{"start":{},"end":{}}],"line":135},"8":{"loc":{"start":{"line":142,"column":6},"end":{"line":150,"column":null}},"type":"if","locations":[{"start":{"line":142,"column":6},"end":{"line":150,"column":null}},{"start":{"line":146,"column":13},"end":{"line":150,"column":null}}],"line":142},"9":{"loc":{"start":{"line":147,"column":25},"end":{"line":149,"column":null}},"type":"cond-expr","locations":[{"start":{"line":147,"column":32},"end":{"line":148,"column":50}},{"start":{"line":149,"column":12},"end":{"line":149,"column":null}}],"line":147},"10":{"loc":{"start":{"line":150,"column":22},"end":{"line":150,"column":41}},"type":"binary-expr","locations":[{"start":{"line":150,"column":22},"end":{"line":150,"column":34}},{"start":{"line":150,"column":34},"end":{"line":150,"column":41}}],"line":150}},"s":{"0":1,"1":1,"2":9,"3":9,"4":9,"5":9,"6":6,"7":0,"8":0,"9":0,"10":0,"11":0,"12":0,"13":0,"14":0,"15":0,"16":0,"17":6,"18":3,"19":3,"20":6,"21":1,"22":3,"23":0,"24":0,"25":0,"26":0,"27":0,"28":0,"29":0,"30":0,"31":0,"32":0,"33":0,"34":0,"35":0,"36":0,"37":3,"38":0},"f":{"0":9,"1":0,"2":3,"3":1,"4":0,"5":0},"b":{"0":[6,3],"1":[0,0],"2":[0,0],"3":[3,0],"4":[6,3],"5":[2,1],"6":[1,0],"7":[0,0],"8":[0,0],"9":[0,0],"10":[0,0]},"meta":{"lastBranch":11,"lastFunction":6,"lastStatement":39,"seen":{"s:17:17:17:Infinity":0,"s:30:13:197:Infinity":1,"f:30:13:30:68":0,"s:37:25:37:61":2,"s:38:22:38:59":3,"s:39:8:39:53":4,"b:42:2:126:Infinity:undefined:undefined:undefined:undefined":0,"s:42:2:126:Infinity":5,"s:43:25:59:Infinity":6,"f:43:25:43:37":1,"s:44:6:44:Infinity":7,"s:46:6:59:Infinity":8,"s:47:23:47:61":9,"b:49:8:54:Infinity:53:15:54:Infinity":1,"s:49:8:54:Infinity":10,"s:50:10:50:Infinity":11,"s:51:10:51:Infinity":12,"s:52:10:52:Infinity":13,"s:54:10:54:Infinity":14,"b:54:24:54:40:54:40:54:47":2,"s:57:8:57:Infinity":15,"s:59:8:59:Infinity":16,"s:64:4:68:Infinity":17,"f:64:10:64:26":2,"b:65:6:66:Infinity:undefined:undefined:undefined:undefined":3,"s:65:6:66:Infinity":18,"s:66:8:66:Infinity":19,"s:70:4:126:Infinity":20,"b:90:9:90:Infinity:91:10:115:Infinity":4,"b:103:14:107:15:107:14:115:Infinity":5,"f:108:47:108:52":3,"s:109:18:111:Infinity":21,"b:113:17:113:Infinity:114:18:115:Infinity":6,"s:133:27:155:Infinity":22,"f:133:27:133:34":4,"s:134:17:134:Infinity":23,"b:135:4:135:Infinity:undefined:undefined:undefined:undefined":7,"s:135:4:135:Infinity":24,"s:135:15:135:Infinity":25,"s:137:4:137:Infinity":26,"s:139:4:155:Infinity":27,"s:140:21:140:55":28,"b:142:6:150:Infinity:146:13:150:Infinity":8,"s:142:6:150:Infinity":29,"s:143:8:143:Infinity":30,"s:144:8:144:Infinity":31,"s:145:8:145:Infinity":32,"s:147:25:149:Infinity":33,"b:147:32:148:50:149:12:149:Infinity":9,"s:150:8:150:Infinity":34,"b:150:22:150:34:150:34:150:41":10,"s:153:6:153:Infinity":35,"s:155:6:155:Infinity":36,"s:159:2:197:Infinity":37,"f:183:8:183:28":5,"s:183:28:183:Infinity":38}}}
,"/Users/ben/.openclaw/workspace-coder/ai-workflow/frontend/src/components/ResultPreview.tsx": {"path":"/Users/ben/.openclaw/workspace-coder/ai-workflow/frontend/src/components/ResultPreview.tsx","statementMap":{"0":{"start":{"line":22,"column":23},"end":{"line":22,"column":71}},"1":{"start":{"line":24,"column":2},"end":{"line":24,"column":null}},"2":{"start":{"line":24,"column":15},"end":{"line":24,"column":null}},"3":{"start":{"line":26,"column":8},"end":{"line":28,"column":null}},"4":{"start":{"line":27,"column":4},"end":{"line":27,"column":null}},"5":{"start":{"line":27,"column":59},"end":{"line":27,"column":null}},"6":{"start":{"line":28,"column":4},"end":{"line":28,"column":null}},"7":{"start":{"line":31,"column":8},"end":{"line":79,"column":null}},"8":{"start":{"line":32,"column":23},"end":{"line":32,"column":38}},"9":{"start":{"line":33,"column":4},"end":{"line":33,"column":null}},"10":{"start":{"line":33,"column":21},"end":{"line":33,"column":null}},"11":{"start":{"line":36,"column":4},"end":{"line":49,"column":null}},"12":{"start":{"line":37,"column":6},"end":{"line":49,"column":null}},"13":{"start":{"line":54,"column":4},"end":{"line":66,"column":null}},"14":{"start":{"line":55,"column":6},"end":{"line":66,"column":null}},"15":{"start":{"line":71,"column":4},"end":{"line":79,"column":null}},"16":{"start":{"line":83,"column":2},"end":{"line":165,"column":null}},"17":{"start":{"line":121,"column":16},"end":{"line":147,"column":null}},"18":{"start":{"line":123,"column":33},"end":{"line":123,"column":56}},"19":{"start":{"line":169,"column":52},"end":{"line":263,"column":null}}},"fnMap":{"0":{"name":"ResultPreview","decl":{"start":{"line":21,"column":24},"end":{"line":21,"column":38}},"loc":{"start":{"line":21,"column":79},"end":{"line":165,"column":null}},"line":21},"1":{"name":"(anonymous_1)","decl":{"start":{"line":26,"column":8},"end":{"line":26,"column":30}},"loc":{"start":{"line":26,"column":30},"end":{"line":28,"column":null}},"line":26},"2":{"name":"(anonymous_2)","decl":{"start":{"line":31,"column":8},"end":{"line":31,"column":29}},"loc":{"start":{"line":31,"column":29},"end":{"line":79,"column":null}},"line":31},"3":{"name":"(anonymous_3)","decl":{"start":{"line":120,"column":49},"end":{"line":120,"column":54}},"loc":{"start":{"line":121,"column":16},"end":{"line":147,"column":null}},"line":121},"4":{"name":"(anonymous_4)","decl":{"start":{"line":123,"column":18},"end":{"line":123,"column":33}},"loc":{"start":{"line":123,"column":33},"end":{"line":123,"column":56}},"line":123}},"branchMap":{"0":{"loc":{"start":{"line":24,"column":2},"end":{"line":24,"column":null}},"type":"if","locations":[{"start":{"line":24,"column":2},"end":{"line":24,"column":null}},{"start":{},"end":{}}],"line":24},"1":{"loc":{"start":{"line":27,"column":4},"end":{"line":27,"column":null}},"type":"if","locations":[{"start":{"line":27,"column":4},"end":{"line":27,"column":null}},{"start":{},"end":{}}],"line":27},"2":{"loc":{"start":{"line":27,"column":8},"end":{"line":27,"column":59}},"type":"binary-expr","locations":[{"start":{"line":27,"column":8},"end":{"line":27,"column":25}},{"start":{"line":27,"column":25},"end":{"line":27,"column":59}}],"line":27},"3":{"loc":{"start":{"line":33,"column":4},"end":{"line":33,"column":null}},"type":"if","locations":[{"start":{"line":33,"column":4},"end":{"line":33,"column":null}},{"start":{},"end":{}}],"line":33},"4":{"loc":{"start":{"line":36,"column":4},"end":{"line":49,"column":null}},"type":"if","locations":[{"start":{"line":36,"column":4},"end":{"line":49,"column":null}},{"start":{},"end":{}}],"line":36},"5":{"loc":{"start":{"line":54,"column":4},"end":{"line":66,"column":null}},"type":"if","locations":[{"start":{"line":54,"column":4},"end":{"line":66,"column":null}},{"start":{},"end":{}}],"line":54},"6":{"loc":{"start":{"line":101,"column":26},"end":{"line":102,"column":null}},"type":"cond-expr","locations":[{"start":{"line":101,"column":56},"end":{"line":101,"column":null}},{"start":{"line":102,"column":25},"end":{"line":102,"column":null}}],"line":101},"7":{"loc":{"start":{"line":102,"column":25},"end":{"line":102,"column":null}},"type":"cond-expr","locations":[{"start":{"line":102,"column":54},"end":{"line":102,"column":66}},{"start":{"line":102,"column":66},"end":{"line":102,"column":null}}],"line":102},"8":{"loc":{"start":{"line":103,"column":21},"end":{"line":104,"column":null}},"type":"cond-expr","locations":[{"start":{"line":103,"column":51},"end":{"line":103,"column":null}},{"start":{"line":104,"column":21},"end":{"line":104,"column":null}}],"line":103},"9":{"loc":{"start":{"line":104,"column":21},"end":{"line":104,"column":null}},"type":"cond-expr","locations":[{"start":{"line":104,"column":50},"end":{"line":104,"column":62}},{"start":{"line":104,"column":62},"end":{"line":104,"column":null}}],"line":104},"10":{"loc":{"start":{"line":106,"column":15},"end":{"line":106,"column":null}},"type":"binary-expr","locations":[{"start":{"line":106,"column":15},"end":{"line":106,"column":46}},{"start":{"line":106,"column":46},"end":{"line":106,"column":null}}],"line":106},"11":{"loc":{"start":{"line":107,"column":15},"end":{"line":107,"column":null}},"type":"binary-expr","locations":[{"start":{"line":107,"column":15},"end":{"line":107,"column":45}},{"start":{"line":107,"column":45},"end":{"line":107,"column":null}}],"line":107},"12":{"loc":{"start":{"line":108,"column":15},"end":{"line":108,"column":null}},"type":"binary-expr","locations":[{"start":{"line":108,"column":15},"end":{"line":108,"column":46}},{"start":{"line":108,"column":46},"end":{"line":108,"column":null}}],"line":108},"13":{"loc":{"start":{"line":109,"column":15},"end":{"line":109,"column":null}},"type":"binary-expr","locations":[{"start":{"line":109,"column":15},"end":{"line":109,"column":46}},{"start":{"line":109,"column":46},"end":{"line":109,"column":null}}],"line":109},"14":{"loc":{"start":{"line":126,"column":32},"end":{"line":126,"column":null}},"type":"cond-expr","locations":[{"start":{"line":126,"column":58},"end":{"line":126,"column":70}},{"start":{"line":126,"column":70},"end":{"line":126,"column":null}}],"line":126},"15":{"loc":{"start":{"line":133,"column":34},"end":{"line":134,"column":null}},"type":"cond-expr","locations":[{"start":{"line":133,"column":63},"end":{"line":133,"column":null}},{"start":{"line":134,"column":33},"end":{"line":134,"column":null}}],"line":133},"16":{"loc":{"start":{"line":134,"column":33},"end":{"line":134,"column":null}},"type":"cond-expr","locations":[{"start":{"line":134,"column":61},"end":{"line":134,"column":73}},{"start":{"line":134,"column":73},"end":{"line":134,"column":null}}],"line":134},"17":{"loc":{"start":{"line":135,"column":29},"end":{"line":136,"column":null}},"type":"cond-expr","locations":[{"start":{"line":135,"column":58},"end":{"line":135,"column":null}},{"start":{"line":136,"column":29},"end":{"line":136,"column":null}}],"line":135},"18":{"loc":{"start":{"line":136,"column":29},"end":{"line":136,"column":null}},"type":"cond-expr","locations":[{"start":{"line":136,"column":57},"end":{"line":136,"column":69}},{"start":{"line":136,"column":69},"end":{"line":136,"column":null}}],"line":136},"19":{"loc":{"start":{"line":141,"column":19},"end":{"line":144,"column":null}},"type":"binary-expr","locations":[{"start":{"line":141,"column":19},"end":{"line":141,"column":null}},{"start":{"line":142,"column":20},"end":{"line":144,"column":null}}],"line":141},"20":{"loc":{"start":{"line":143,"column":23},"end":{"line":143,"column":null}},"type":"binary-expr","locations":[{"start":{"line":143,"column":23},"end":{"line":143,"column":56}},{"start":{"line":143,"column":56},"end":{"line":143,"column":null}}],"line":143},"21":{"loc":{"start":{"line":144,"column":23},"end":{"line":144,"column":null}},"type":"binary-expr","locations":[{"start":{"line":144,"column":23},"end":{"line":144,"column":56}},{"start":{"line":144,"column":56},"end":{"line":144,"column":null}}],"line":144},"22":{"loc":{"start":{"line":153,"column":11},"end":{"line":160,"column":null}},"type":"binary-expr","locations":[{"start":{"line":153,"column":11},"end":{"line":153,"column":null}},{"start":{"line":154,"column":12},"end":{"line":160,"column":null}}],"line":153}},"s":{"0":37,"1":37,"2":1,"3":36,"4":11,"5":0,"6":11,"7":36,"8":11,"9":11,"10":1,"11":10,"12":6,"13":4,"14":3,"15":1,"16":36,"17":97,"18":11,"19":1},"f":{"0":37,"1":11,"2":11,"3":97,"4":11},"b":{"0":[1,36],"1":[0,11],"2":[11,11],"3":[1,10],"4":[6,4],"5":[3,1],"6":[33,3],"7":[1,2],"8":[33,3],"9":[1,2],"10":[37,33],"11":[37,1],"12":[37,1],"13":[37,1],"14":[11,86],"15":[64,33],"16":[31,2],"17":[64,33],"18":[31,2],"19":[97,64],"20":[64,31],"21":[64,31],"22":[37,11]},"meta":{"lastBranch":23,"lastFunction":5,"lastStatement":20,"seen":{"f:21:24:21:38":0,"s:22:23:22:71":0,"b:24:2:24:Infinity:undefined:undefined:undefined:undefined":0,"s:24:2:24:Infinity":1,"s:24:15:24:Infinity":2,"s:26:8:28:Infinity":3,"f:26:8:26:30":1,"b:27:4:27:Infinity:undefined:undefined:undefined:undefined":1,"s:27:4:27:Infinity":4,"b:27:8:27:25:27:25:27:59":2,"s:27:59:27:Infinity":5,"s:28:4:28:Infinity":6,"s:31:8:79:Infinity":7,"f:31:8:31:29":2,"s:32:23:32:38":8,"b:33:4:33:Infinity:undefined:undefined:undefined:undefined":3,"s:33:4:33:Infinity":9,"s:33:21:33:Infinity":10,"b:36:4:49:Infinity:undefined:undefined:undefined:undefined":4,"s:36:4:49:Infinity":11,"s:37:6:49:Infinity":12,"b:54:4:66:Infinity:undefined:undefined:undefined:undefined":5,"s:54:4:66:Infinity":13,"s:55:6:66:Infinity":14,"s:71:4:79:Infinity":15,"s:83:2:165:Infinity":16,"b:101:56:101:Infinity:102:25:102:Infinity":6,"b:102:54:102:66:102:66:102:Infinity":7,"b:103:51:103:Infinity:104:21:104:Infinity":8,"b:104:50:104:62:104:62:104:Infinity":9,"b:106:15:106:46:106:46:106:Infinity":10,"b:107:15:107:45:107:45:107:Infinity":11,"b:108:15:108:46:108:46:108:Infinity":12,"b:109:15:109:46:109:46:109:Infinity":13,"f:120:49:120:54":3,"s:121:16:147:Infinity":17,"f:123:18:123:33":4,"s:123:33:123:56":18,"b:126:58:126:70:126:70:126:Infinity":14,"b:133:63:133:Infinity:134:33:134:Infinity":15,"b:134:61:134:73:134:73:134:Infinity":16,"b:135:58:135:Infinity:136:29:136:Infinity":17,"b:136:57:136:69:136:69:136:Infinity":18,"b:141:19:141:Infinity:142:20:144:Infinity":19,"b:143:23:143:56:143:56:143:Infinity":20,"b:144:23:144:56:144:56:144:Infinity":21,"b:153:11:153:Infinity:154:12:160:Infinity":22,"s:169:52:263:Infinity":19}}}
,"/Users/ben/.openclaw/workspace-coder/ai-workflow/frontend/src/hooks/useWorkflowApi.ts": {"path":"/Users/ben/.openclaw/workspace-coder/ai-workflow/frontend/src/hooks/useWorkflowApi.ts","statementMap":{"0":{"start":{"line":6,"column":28},"end":{"line":12,"column":null}},"1":{"start":{"line":8,"column":15},"end":{"line":8,"column":44}},"2":{"start":{"line":9,"column":65},"end":{"line":9,"column":98}},"3":{"start":{"line":10,"column":17},"end":{"line":10,"column":48}},"4":{"start":{"line":11,"column":26},"end":{"line":11,"column":null}},"5":{"start":{"line":14,"column":29},"end":{"line":20,"column":null}},"6":{"start":{"line":16,"column":15},"end":{"line":16,"column":45}},"7":{"start":{"line":17,"column":46},"end":{"line":17,"column":null}},"8":{"start":{"line":18,"column":17},"end":{"line":18,"column":49}},"9":{"start":{"line":19,"column":26},"end":{"line":19,"column":null}},"10":{"start":{"line":22,"column":28},"end":{"line":26,"column":null}},"11":{"start":{"line":24,"column":15},"end":{"line":24,"column":44}},"12":{"start":{"line":25,"column":14},"end":{"line":25,"column":null}},"13":{"start":{"line":34,"column":2},"end":{"line":38,"column":null}},"14":{"start":{"line":36,"column":19},"end":{"line":36,"column":52}},"15":{"start":{"line":45,"column":2},"end":{"line":50,"column":null}},"16":{"start":{"line":47,"column":19},"end":{"line":47,"column":47}},"17":{"start":{"line":57,"column":8},"end":{"line":57,"column":38}},"18":{"start":{"line":59,"column":2},"end":{"line":66,"column":null}},"19":{"start":{"line":62,"column":6},"end":{"line":62,"column":null}},"20":{"start":{"line":63,"column":6},"end":{"line":63,"column":null}},"21":{"start":{"line":73,"column":8},"end":{"line":73,"column":38}},"22":{"start":{"line":75,"column":2},"end":{"line":83,"column":null}},"23":{"start":{"line":76,"column":38},"end":{"line":76,"column":78}},"24":{"start":{"line":78,"column":6},"end":{"line":78,"column":null}},"25":{"start":{"line":79,"column":6},"end":{"line":79,"column":null}},"26":{"start":{"line":80,"column":6},"end":{"line":80,"column":null}},"27":{"start":{"line":90,"column":8},"end":{"line":90,"column":38}},"28":{"start":{"line":92,"column":2},"end":{"line":100,"column":null}},"29":{"start":{"line":95,"column":6},"end":{"line":95,"column":null}},"30":{"start":{"line":96,"column":6},"end":{"line":96,"column":null}},"31":{"start":{"line":97,"column":6},"end":{"line":97,"column":null}},"32":{"start":{"line":107,"column":2},"end":{"line":110,"column":null}},"33":{"start":{"line":108,"column":36},"end":{"line":108,"column":75}},"34":{"start":{"line":117,"column":8},"end":{"line":117,"column":38}},"35":{"start":{"line":119,"column":2},"end":{"line":126,"column":null}},"36":{"start":{"line":122,"column":6},"end":{"line":122,"column":null}},"37":{"start":{"line":123,"column":6},"end":{"line":123,"column":null}},"38":{"start":{"line":135,"column":2},"end":{"line":141,"column":null}},"39":{"start":{"line":137,"column":19},"end":{"line":137,"column":55}},"40":{"start":{"line":148,"column":8},"end":{"line":148,"column":38}},"41":{"start":{"line":150,"column":2},"end":{"line":157,"column":null}},"42":{"start":{"line":153,"column":6},"end":{"line":153,"column":null}},"43":{"start":{"line":154,"column":6},"end":{"line":154,"column":null}},"44":{"start":{"line":164,"column":2},"end":{"line":169,"column":null}},"45":{"start":{"line":166,"column":19},"end":{"line":166,"column":67}},"46":{"start":{"line":178,"column":2},"end":{"line":182,"column":null}}},"fnMap":{"0":{"name":"(anonymous_0)","decl":{"start":{"line":8,"column":2},"end":{"line":8,"column":15}},"loc":{"start":{"line":8,"column":15},"end":{"line":8,"column":44}},"line":8},"1":{"name":"(anonymous_1)","decl":{"start":{"line":9,"column":2},"end":{"line":9,"column":9}},"loc":{"start":{"line":9,"column":65},"end":{"line":9,"column":98}},"line":9},"2":{"name":"(anonymous_2)","decl":{"start":{"line":10,"column":2},"end":{"line":10,"column":17}},"loc":{"start":{"line":10,"column":17},"end":{"line":10,"column":48}},"line":10},"3":{"name":"(anonymous_3)","decl":{"start":{"line":11,"column":2},"end":{"line":11,"column":11}},"loc":{"start":{"line":11,"column":26},"end":{"line":11,"column":null}},"line":11},"4":{"name":"(anonymous_4)","decl":{"start":{"line":16,"column":2},"end":{"line":16,"column":15}},"loc":{"start":{"line":16,"column":15},"end":{"line":16,"column":45}},"line":16},"5":{"name":"(anonymous_5)","decl":{"start":{"line":17,"column":2},"end":{"line":17,"column":12}},"loc":{"start":{"line":17,"column":46},"end":{"line":17,"column":null}},"line":17},"6":{"name":"(anonymous_6)","decl":{"start":{"line":18,"column":2},"end":{"line":18,"column":17}},"loc":{"start":{"line":18,"column":17},"end":{"line":18,"column":49}},"line":18},"7":{"name":"(anonymous_7)","decl":{"start":{"line":19,"column":2},"end":{"line":19,"column":11}},"loc":{"start":{"line":19,"column":26},"end":{"line":19,"column":null}},"line":19},"8":{"name":"(anonymous_8)","decl":{"start":{"line":24,"column":2},"end":{"line":24,"column":15}},"loc":{"start":{"line":24,"column":15},"end":{"line":24,"column":44}},"line":24},"9":{"name":"(anonymous_9)","decl":{"start":{"line":25,"column":2},"end":{"line":25,"column":14}},"loc":{"start":{"line":25,"column":14},"end":{"line":25,"column":null}},"line":25},"10":{"name":"useWorkflows","decl":{"start":{"line":33,"column":16},"end":{"line":33,"column":29}},"loc":{"start":{"line":33,"column":129},"end":{"line":38,"column":null}},"line":33},"11":{"name":"(anonymous_11)","decl":{"start":{"line":36,"column":4},"end":{"line":36,"column":19}},"loc":{"start":{"line":36,"column":19},"end":{"line":36,"column":52}},"line":36},"12":{"name":"useWorkflow","decl":{"start":{"line":44,"column":16},"end":{"line":44,"column":28}},"loc":{"start":{"line":44,"column":91},"end":{"line":50,"column":null}},"line":44},"13":{"name":"(anonymous_13)","decl":{"start":{"line":47,"column":4},"end":{"line":47,"column":19}},"loc":{"start":{"line":47,"column":19},"end":{"line":47,"column":47}},"line":47},"14":{"name":"useCreateWorkflow","decl":{"start":{"line":56,"column":16},"end":{"line":56,"column":34}},"loc":{"start":{"line":56,"column":131},"end":{"line":66,"column":null}},"line":56},"15":{"name":"(anonymous_15)","decl":{"start":{"line":61,"column":4},"end":{"line":61,"column":16}},"loc":{"start":{"line":61,"column":25},"end":{"line":63,"column":null}},"line":61},"16":{"name":"useUpdateWorkflow","decl":{"start":{"line":72,"column":16},"end":{"line":72,"column":34}},"loc":{"start":{"line":72,"column":126},"end":{"line":83,"column":null}},"line":72},"17":{"name":"(anonymous_17)","decl":{"start":{"line":76,"column":4},"end":{"line":76,"column":17}},"loc":{"start":{"line":76,"column":38},"end":{"line":76,"column":78}},"line":76},"18":{"name":"(anonymous_18)","decl":{"start":{"line":77,"column":4},"end":{"line":77,"column":16}},"loc":{"start":{"line":77,"column":36},"end":{"line":80,"column":null}},"line":77},"19":{"name":"useDeleteWorkflow","decl":{"start":{"line":89,"column":16},"end":{"line":89,"column":34}},"loc":{"start":{"line":89,"column":85},"end":{"line":100,"column":null}},"line":89},"20":{"name":"(anonymous_20)","decl":{"start":{"line":94,"column":4},"end":{"line":94,"column":16}},"loc":{"start":{"line":94,"column":36},"end":{"line":97,"column":null}},"line":94},"21":{"name":"useExecuteWorkflow","decl":{"start":{"line":106,"column":16},"end":{"line":106,"column":35}},"loc":{"start":{"line":106,"column":179},"end":{"line":110,"column":null}},"line":106},"22":{"name":"(anonymous_22)","decl":{"start":{"line":108,"column":4},"end":{"line":108,"column":17}},"loc":{"start":{"line":108,"column":36},"end":{"line":108,"column":75}},"line":108},"23":{"name":"useTogglePublished","decl":{"start":{"line":116,"column":16},"end":{"line":116,"column":35}},"loc":{"start":{"line":116,"column":90},"end":{"line":126,"column":null}},"line":116},"24":{"name":"(anonymous_24)","decl":{"start":{"line":121,"column":4},"end":{"line":121,"column":16}},"loc":{"start":{"line":121,"column":36},"end":{"line":123,"column":null}},"line":121},"25":{"name":"useExecutionStatus","decl":{"start":{"line":134,"column":16},"end":{"line":134,"column":35}},"loc":{"start":{"line":134,"column":138},"end":{"line":141,"column":null}},"line":134},"26":{"name":"(anonymous_26)","decl":{"start":{"line":137,"column":4},"end":{"line":137,"column":19}},"loc":{"start":{"line":137,"column":19},"end":{"line":137,"column":55}},"line":137},"27":{"name":"useCancelExecution","decl":{"start":{"line":147,"column":16},"end":{"line":147,"column":35}},"loc":{"start":{"line":147,"column":99},"end":{"line":157,"column":null}},"line":147},"28":{"name":"(anonymous_28)","decl":{"start":{"line":152,"column":4},"end":{"line":152,"column":16}},"loc":{"start":{"line":152,"column":36},"end":{"line":154,"column":null}},"line":152},"29":{"name":"useExecutionHistory","decl":{"start":{"line":163,"column":16},"end":{"line":163,"column":36}},"loc":{"start":{"line":163,"column":134},"end":{"line":169,"column":null}},"line":163},"30":{"name":"(anonymous_30)","decl":{"start":{"line":166,"column":4},"end":{"line":166,"column":19}},"loc":{"start":{"line":166,"column":19},"end":{"line":166,"column":67}},"line":166},"31":{"name":"useExecutors","decl":{"start":{"line":177,"column":16},"end":{"line":177,"column":29}},"loc":{"start":{"line":177,"column":75},"end":{"line":182,"column":null}},"line":177}},"branchMap":{"0":{"loc":{"start":{"line":35,"column":32},"end":{"line":35,"column":44}},"type":"binary-expr","locations":[{"start":{"line":35,"column":32},"end":{"line":35,"column":42}},{"start":{"line":35,"column":42},"end":{"line":35,"column":44}}],"line":35},"1":{"loc":{"start":{"line":139,"column":21},"end":{"line":139,"column":null}},"type":"binary-expr","locations":[{"start":{"line":139,"column":21},"end":{"line":139,"column":49}},{"start":{"line":139,"column":49},"end":{"line":139,"column":null}}],"line":139},"2":{"loc":{"start":{"line":163,"column":59},"end":{"line":163,"column":79}},"type":"default-arg","locations":[{"start":{"line":163,"column":75},"end":{"line":163,"column":79}}],"line":163}},"s":{"0":1,"1":5,"2":5,"3":6,"4":6,"5":1,"6":0,"7":0,"8":4,"9":4,"10":1,"11":2,"12":2,"13":5,"14":3,"15":4,"16":2,"17":2,"18":2,"19":1,"20":1,"21":2,"22":2,"23":1,"24":1,"25":1,"26":1,"27":2,"28":2,"29":1,"30":1,"31":1,"32":2,"33":1,"34":0,"35":0,"36":0,"37":0,"38":4,"39":2,"40":0,"41":0,"42":0,"43":0,"44":0,"45":0,"46":2},"f":{"0":5,"1":5,"2":6,"3":6,"4":0,"5":0,"6":4,"7":4,"8":2,"9":2,"10":5,"11":3,"12":4,"13":2,"14":2,"15":1,"16":2,"17":1,"18":1,"19":2,"20":1,"21":2,"22":1,"23":0,"24":0,"25":4,"26":2,"27":0,"28":0,"29":0,"30":0,"31":2},"b":{"0":[5,3],"1":[4,2],"2":[0]},"meta":{"lastBranch":3,"lastFunction":32,"lastStatement":47,"seen":{"s:6:28:12:Infinity":0,"f:8:2:8:15":0,"s:8:15:8:44":1,"f:9:2:9:9":1,"s:9:65:9:98":2,"f:10:2:10:17":2,"s:10:17:10:48":3,"f:11:2:11:11":3,"s:11:26:11:Infinity":4,"s:14:29:20:Infinity":5,"f:16:2:16:15":4,"s:16:15:16:45":6,"f:17:2:17:12":5,"s:17:46:17:Infinity":7,"f:18:2:18:17":6,"s:18:17:18:49":8,"f:19:2:19:11":7,"s:19:26:19:Infinity":9,"s:22:28:26:Infinity":10,"f:24:2:24:15":8,"s:24:15:24:44":11,"f:25:2:25:14":9,"s:25:14:25:Infinity":12,"f:33:16:33:29":10,"s:34:2:38:Infinity":13,"b:35:32:35:42:35:42:35:44":0,"f:36:4:36:19":11,"s:36:19:36:52":14,"f:44:16:44:28":12,"s:45:2:50:Infinity":15,"f:47:4:47:19":13,"s:47:19:47:47":16,"f:56:16:56:34":14,"s:57:8:57:38":17,"s:59:2:66:Infinity":18,"f:61:4:61:16":15,"s:62:6:62:Infinity":19,"s:63:6:63:Infinity":20,"f:72:16:72:34":16,"s:73:8:73:38":21,"s:75:2:83:Infinity":22,"f:76:4:76:17":17,"s:76:38:76:78":23,"f:77:4:77:16":18,"s:78:6:78:Infinity":24,"s:79:6:79:Infinity":25,"s:80:6:80:Infinity":26,"f:89:16:89:34":19,"s:90:8:90:38":27,"s:92:2:100:Infinity":28,"f:94:4:94:16":20,"s:95:6:95:Infinity":29,"s:96:6:96:Infinity":30,"s:97:6:97:Infinity":31,"f:106:16:106:35":21,"s:107:2:110:Infinity":32,"f:108:4:108:17":22,"s:108:36:108:75":33,"f:116:16:116:35":23,"s:117:8:117:38":34,"s:119:2:126:Infinity":35,"f:121:4:121:16":24,"s:122:6:122:Infinity":36,"s:123:6:123:Infinity":37,"f:134:16:134:35":25,"s:135:2:141:Infinity":38,"f:137:4:137:19":26,"s:137:19:137:55":39,"b:139:21:139:49:139:49:139:Infinity":1,"f:147:16:147:35":27,"s:148:8:148:38":40,"s:150:2:157:Infinity":41,"f:152:4:152:16":28,"s:153:6:153:Infinity":42,"s:154:6:154:Infinity":43,"f:163:16:163:36":29,"b:163:75:163:79":2,"s:164:2:169:Infinity":44,"f:166:4:166:19":30,"s:166:19:166:67":45,"f:177:16:177:29":31,"s:178:2:182:Infinity":46}}}
,"/Users/ben/.openclaw/workspace-coder/ai-workflow/frontend/src/io/export.ts": {"path":"/Users/ben/.openclaw/workspace-coder/ai-workflow/frontend/src/io/export.ts","statementMap":{"0":{"start":{"line":24,"column":16},"end":{"line":24,"column":null}},"1":{"start":{"line":25,"column":16},"end":{"line":25,"column":null}},"2":{"start":{"line":26,"column":19},"end":{"line":26,"column":46}},"3":{"start":{"line":28,"column":2},"end":{"line":63,"column":null}},"4":{"start":{"line":32,"column":30},"end":{"line":42,"column":7}},"5":{"start":{"line":43,"column":30},"end":{"line":53,"column":7}},"6":{"start":{"line":70,"column":28},"end":{"line":70,"column":null}},"7":{"start":{"line":73,"column":17},"end":{"line":73,"column":47}},"8":{"start":{"line":74,"column":2},"end":{"line":75,"column":null}},"9":{"start":{"line":75,"column":4},"end":{"line":75,"column":null}},"10":{"start":{"line":78,"column":2},"end":{"line":78,"column":null}},"11":{"start":{"line":85,"column":15},"end":{"line":85,"column":54}},"12":{"start":{"line":86,"column":14},"end":{"line":86,"column":39}},"13":{"start":{"line":87,"column":15},"end":{"line":87,"column":42}},"14":{"start":{"line":89,"column":2},"end":{"line":89,"column":null}},"15":{"start":{"line":90,"column":2},"end":{"line":90,"column":null}},"16":{"start":{"line":91,"column":2},"end":{"line":91,"column":null}},"17":{"start":{"line":93,"column":2},"end":{"line":93,"column":null}},"18":{"start":{"line":94,"column":2},"end":{"line":94,"column":null}},"19":{"start":{"line":95,"column":2},"end":{"line":95,"column":null}},"20":{"start":{"line":98,"column":2},"end":{"line":100,"column":null}},"21":{"start":{"line":99,"column":4},"end":{"line":99,"column":null}},"22":{"start":{"line":108,"column":2},"end":{"line":121,"column":null}},"23":{"start":{"line":109,"column":25},"end":{"line":109,"column":42}},"24":{"start":{"line":110,"column":24},"end":{"line":110,"column":64}},"25":{"start":{"line":111,"column":21},"end":{"line":111,"column":null}},"26":{"start":{"line":113,"column":4},"end":{"line":113,"column":null}},"27":{"start":{"line":115,"column":4},"end":{"line":115,"column":null}},"28":{"start":{"line":117,"column":4},"end":{"line":117,"column":null}},"29":{"start":{"line":118,"column":4},"end":{"line":121,"column":null}},"30":{"start":{"line":129,"column":23},"end":{"line":129,"column":40}},"31":{"start":{"line":130,"column":2},"end":{"line":130,"column":null}},"32":{"start":{"line":137,"column":16},"end":{"line":137,"column":null}},"33":{"start":{"line":138,"column":16},"end":{"line":138,"column":null}},"34":{"start":{"line":140,"column":2},"end":{"line":145,"column":null}},"35":{"start":{"line":143,"column":27},"end":{"line":143,"column":76}},"36":{"start":{"line":144,"column":27},"end":{"line":144,"column":null}}},"fnMap":{"0":{"name":"getWorkflowData","decl":{"start":{"line":23,"column":16},"end":{"line":23,"column":48}},"loc":{"start":{"line":23,"column":48},"end":{"line":63,"column":null}},"line":23},"1":{"name":"(anonymous_1)","decl":{"start":{"line":32,"column":17},"end":{"line":32,"column":21}},"loc":{"start":{"line":32,"column":30},"end":{"line":42,"column":7}},"line":32},"2":{"name":"(anonymous_2)","decl":{"start":{"line":43,"column":17},"end":{"line":43,"column":21}},"loc":{"start":{"line":43,"column":30},"end":{"line":53,"column":7}},"line":43},"3":{"name":"serializeWorkflow","decl":{"start":{"line":69,"column":16},"end":{"line":69,"column":34}},"loc":{"start":{"line":69,"column":91},"end":{"line":78,"column":null}},"line":69},"4":{"name":"downloadFile","decl":{"start":{"line":84,"column":16},"end":{"line":84,"column":29}},"loc":{"start":{"line":84,"column":103},"end":{"line":100,"column":null}},"line":84},"5":{"name":"(anonymous_5)","decl":{"start":{"line":98,"column":2},"end":{"line":98,"column":19}},"loc":{"start":{"line":98,"column":19},"end":{"line":100,"column":9}},"line":98},"6":{"name":"exportWorkflow","decl":{"start":{"line":107,"column":22},"end":{"line":107,"column":37}},"loc":{"start":{"line":107,"column":113},"end":{"line":121,"column":null}},"line":107},"7":{"name":"exportWorkflowAsString","decl":{"start":{"line":128,"column":16},"end":{"line":128,"column":39}},"loc":{"start":{"line":128,"column":76},"end":{"line":130,"column":null}},"line":128},"8":{"name":"getExportPreview","decl":{"start":{"line":136,"column":16},"end":{"line":136,"column":35}},"loc":{"start":{"line":136,"column":35},"end":{"line":145,"column":null}},"line":136},"9":{"name":"(anonymous_9)","decl":{"start":{"line":143,"column":17},"end":{"line":143,"column":21}},"loc":{"start":{"line":143,"column":27},"end":{"line":143,"column":76}},"line":143},"10":{"name":"(anonymous_10)","decl":{"start":{"line":144,"column":17},"end":{"line":144,"column":21}},"loc":{"start":{"line":144,"column":27},"end":{"line":144,"column":null}},"line":144}},"branchMap":{"0":{"loc":{"start":{"line":47,"column":20},"end":{"line":47,"column":null}},"type":"binary-expr","locations":[{"start":{"line":47,"column":20},"end":{"line":47,"column":41}},{"start":{"line":47,"column":41},"end":{"line":47,"column":null}}],"line":47},"1":{"loc":{"start":{"line":48,"column":20},"end":{"line":48,"column":null}},"type":"binary-expr","locations":[{"start":{"line":48,"column":20},"end":{"line":48,"column":41}},{"start":{"line":48,"column":41},"end":{"line":48,"column":null}}],"line":48},"2":{"loc":{"start":{"line":69,"column":54},"end":{"line":69,"column":81}},"type":"default-arg","locations":[{"start":{"line":69,"column":79},"end":{"line":69,"column":81}}],"line":69},"3":{"loc":{"start":{"line":70,"column":10},"end":{"line":70,"column":28}},"type":"default-arg","locations":[{"start":{"line":70,"column":19},"end":{"line":70,"column":28}}],"line":70},"4":{"loc":{"start":{"line":74,"column":2},"end":{"line":75,"column":null}},"type":"if","locations":[{"start":{"line":74,"column":2},"end":{"line":75,"column":null}},{"start":{},"end":{}}],"line":74},"5":{"loc":{"start":{"line":78,"column":43},"end":{"line":78,"column":66}},"type":"cond-expr","locations":[{"start":{"line":78,"column":52},"end":{"line":78,"column":56}},{"start":{"line":78,"column":56},"end":{"line":78,"column":66}}],"line":78},"6":{"loc":{"start":{"line":84,"column":64},"end":{"line":84,"column":103}},"type":"default-arg","locations":[{"start":{"line":84,"column":83},"end":{"line":84,"column":103}}],"line":84},"7":{"loc":{"start":{"line":107,"column":37},"end":{"line":107,"column":64}},"type":"default-arg","locations":[{"start":{"line":107,"column":62},"end":{"line":107,"column":64}}],"line":107},"8":{"loc":{"start":{"line":120,"column":13},"end":{"line":120,"column":null}},"type":"cond-expr","locations":[{"start":{"line":120,"column":38},"end":{"line":120,"column":54}},{"start":{"line":120,"column":54},"end":{"line":120,"column":null}}],"line":120},"9":{"loc":{"start":{"line":128,"column":39},"end":{"line":128,"column":66}},"type":"default-arg","locations":[{"start":{"line":128,"column":64},"end":{"line":128,"column":66}}],"line":128}},"s":{"0":9,"1":9,"2":9,"3":9,"4":5,"5":0,"6":9,"7":9,"8":9,"9":0,"10":9,"11":4,"12":4,"13":4,"14":4,"15":4,"16":4,"17":4,"18":4,"19":4,"20":4,"21":0,"22":3,"23":3,"24":3,"25":3,"26":3,"27":3,"28":1,"29":1,"30":6,"31":6,"32":9,"33":9,"34":9,"35":108,"36":2},"f":{"0":9,"1":5,"2":0,"3":9,"4":4,"5":0,"6":3,"7":6,"8":9,"9":108,"10":2},"b":{"0":[0,0],"1":[0,0],"2":[9],"3":[9],"4":[0,9],"5":[4,5],"6":[4],"7":[3],"8":[1,0],"9":[6]},"meta":{"lastBranch":10,"lastFunction":11,"lastStatement":37,"seen":{"f:23:16:23:48":0,"s:24:16:24:Infinity":0,"s:25:16:25:Infinity":1,"s:26:19:26:46":2,"s:28:2:63:Infinity":3,"f:32:17:32:21":1,"s:32:30:42:7":4,"f:43:17:43:21":2,"s:43:30:53:7":5,"b:47:20:47:41:47:41:47:Infinity":0,"b:48:20:48:41:48:41:48:Infinity":1,"f:69:16:69:34":3,"b:69:79:69:81":2,"s:70:28:70:Infinity":6,"b:70:19:70:28":3,"s:73:17:73:47":7,"b:74:2:75:Infinity:undefined:undefined:undefined:undefined":4,"s:74:2:75:Infinity":8,"s:75:4:75:Infinity":9,"s:78:2:78:Infinity":10,"b:78:52:78:56:78:56:78:66":5,"f:84:16:84:29":4,"b:84:83:84:103":6,"s:85:15:85:54":11,"s:86:14:86:39":12,"s:87:15:87:42":13,"s:89:2:89:Infinity":14,"s:90:2:90:Infinity":15,"s:91:2:91:Infinity":16,"s:93:2:93:Infinity":17,"s:94:2:94:Infinity":18,"s:95:2:95:Infinity":19,"s:98:2:100:Infinity":20,"f:98:2:98:19":5,"s:99:4:99:Infinity":21,"f:107:22:107:37":6,"b:107:62:107:64":7,"s:108:2:121:Infinity":22,"s:109:25:109:42":23,"s:110:24:110:64":24,"s:111:21:111:Infinity":25,"s:113:4:113:Infinity":26,"s:115:4:115:Infinity":27,"s:117:4:117:Infinity":28,"s:118:4:121:Infinity":29,"b:120:38:120:54:120:54:120:Infinity":8,"f:128:16:128:39":7,"b:128:64:128:66":9,"s:129:23:129:40":30,"s:130:2:130:Infinity":31,"f:136:16:136:35":8,"s:137:16:137:Infinity":32,"s:138:16:138:Infinity":33,"s:140:2:145:Infinity":34,"f:143:17:143:21":9,"s:143:27:143:76":35,"f:144:17:144:21":10,"s:144:27:144:Infinity":36}}}
,"/Users/ben/.openclaw/workspace-coder/ai-workflow/frontend/src/io/import.ts": {"path":"/Users/ben/.openclaw/workspace-coder/ai-workflow/frontend/src/io/import.ts","statementMap":{"0":{"start":{"line":26,"column":2},"end":{"line":33,"column":null}},"1":{"start":{"line":27,"column":17},"end":{"line":27,"column":36}},"2":{"start":{"line":28,"column":4},"end":{"line":28,"column":null}},"3":{"start":{"line":30,"column":4},"end":{"line":33,"column":null}},"4":{"start":{"line":42,"column":17},"end":{"line":42,"column":47}},"5":{"start":{"line":44,"column":2},"end":{"line":49,"column":null}},"6":{"start":{"line":45,"column":4},"end":{"line":49,"column":null}},"7":{"start":{"line":53,"column":8},"end":{"line":57,"column":5}},"8":{"start":{"line":53,"column":76},"end":{"line":57,"column":5}},"9":{"start":{"line":59,"column":2},"end":{"line":62,"column":null}},"10":{"start":{"line":69,"column":2},"end":{"line":86,"column":null}},"11":{"start":{"line":70,"column":19},"end":{"line":70,"column":35}},"12":{"start":{"line":72,"column":4},"end":{"line":77,"column":null}},"13":{"start":{"line":73,"column":22},"end":{"line":73,"column":null}},"14":{"start":{"line":74,"column":6},"end":{"line":77,"column":null}},"15":{"start":{"line":75,"column":8},"end":{"line":75,"column":null}},"16":{"start":{"line":77,"column":8},"end":{"line":77,"column":null}},"17":{"start":{"line":81,"column":4},"end":{"line":82,"column":null}},"18":{"start":{"line":82,"column":6},"end":{"line":82,"column":null}},"19":{"start":{"line":85,"column":4},"end":{"line":85,"column":null}},"20":{"start":{"line":93,"column":20},"end":{"line":93,"column":43}},"21":{"start":{"line":94,"column":20},"end":{"line":94,"column":43}},"22":{"start":{"line":95,"column":24},"end":{"line":95,"column":51}},"23":{"start":{"line":98,"column":2},"end":{"line":98,"column":null}},"24":{"start":{"line":98,"column":34},"end":{"line":98,"column":63}},"25":{"start":{"line":99,"column":2},"end":{"line":99,"column":null}},"26":{"start":{"line":99,"column":34},"end":{"line":99,"column":63}},"27":{"start":{"line":102,"column":2},"end":{"line":111,"column":null}},"28":{"start":{"line":103,"column":4},"end":{"line":110,"column":null}},"29":{"start":{"line":114,"column":2},"end":{"line":126,"column":null}},"30":{"start":{"line":115,"column":4},"end":{"line":125,"column":null}},"31":{"start":{"line":129,"column":2},"end":{"line":133,"column":null}},"32":{"start":{"line":130,"column":4},"end":{"line":133,"column":null}},"33":{"start":{"line":142,"column":2},"end":{"line":185,"column":null}},"34":{"start":{"line":144,"column":4},"end":{"line":148,"column":null}},"35":{"start":{"line":145,"column":6},"end":{"line":148,"column":null}},"36":{"start":{"line":152,"column":20},"end":{"line":152,"column":40}},"37":{"start":{"line":155,"column":24},"end":{"line":155,"column":42}},"38":{"start":{"line":156,"column":4},"end":{"line":160,"column":null}},"39":{"start":{"line":157,"column":6},"end":{"line":160,"column":null}},"40":{"start":{"line":164,"column":29},"end":{"line":164,"column":63}},"41":{"start":{"line":165,"column":4},"end":{"line":170,"column":null}},"42":{"start":{"line":166,"column":6},"end":{"line":170,"column":null}},"43":{"start":{"line":169,"column":58},"end":{"line":169,"column":68}},"44":{"start":{"line":174,"column":4},"end":{"line":174,"column":null}},"45":{"start":{"line":176,"column":4},"end":{"line":179,"column":null}},"46":{"start":{"line":181,"column":4},"end":{"line":181,"column":null}},"47":{"start":{"line":182,"column":4},"end":{"line":185,"column":null}},"48":{"start":{"line":193,"column":2},"end":{"line":225,"column":null}},"49":{"start":{"line":195,"column":24},"end":{"line":195,"column":42}},"50":{"start":{"line":196,"column":4},"end":{"line":200,"column":null}},"51":{"start":{"line":197,"column":6},"end":{"line":200,"column":null}},"52":{"start":{"line":204,"column":29},"end":{"line":204,"column":63}},"53":{"start":{"line":205,"column":4},"end":{"line":210,"column":null}},"54":{"start":{"line":206,"column":6},"end":{"line":210,"column":null}},"55":{"start":{"line":209,"column":58},"end":{"line":209,"column":68}},"56":{"start":{"line":214,"column":4},"end":{"line":214,"column":null}},"57":{"start":{"line":216,"column":4},"end":{"line":219,"column":null}},"58":{"start":{"line":221,"column":4},"end":{"line":221,"column":null}},"59":{"start":{"line":222,"column":4},"end":{"line":225,"column":null}},"60":{"start":{"line":233,"column":2},"end":{"line":234,"column":null}},"61":{"start":{"line":234,"column":4},"end":{"line":234,"column":null}},"62":{"start":{"line":237,"column":2},"end":{"line":247,"column":null}},"63":{"start":{"line":238,"column":21},"end":{"line":246,"column":null}},"64":{"start":{"line":239,"column":6},"end":{"line":240,"column":null}},"65":{"start":{"line":240,"column":8},"end":{"line":240,"column":null}},"66":{"start":{"line":242,"column":6},"end":{"line":243,"column":null}},"67":{"start":{"line":243,"column":8},"end":{"line":243,"column":null}},"68":{"start":{"line":245,"column":6},"end":{"line":245,"column":null}},"69":{"start":{"line":247,"column":4},"end":{"line":247,"column":null}},"70":{"start":{"line":250,"column":2},"end":{"line":250,"column":null}}},"fnMap":{"0":{"name":"parseJson","decl":{"start":{"line":25,"column":16},"end":{"line":25,"column":26}},"loc":{"start":{"line":25,"column":93},"end":{"line":33,"column":null}},"line":25},"1":{"name":"validateWorkflow","decl":{"start":{"line":41,"column":16},"end":{"line":41,"column":33}},"loc":{"start":{"line":41,"column":62},"end":{"line":62,"column":null}},"line":41},"2":{"name":"(anonymous_2)","decl":{"start":{"line":53,"column":64},"end":{"line":53,"column":68}},"loc":{"start":{"line":53,"column":76},"end":{"line":57,"column":5}},"line":53},"3":{"name":"readFile","decl":{"start":{"line":68,"column":16},"end":{"line":68,"column":25}},"loc":{"start":{"line":68,"column":54},"end":{"line":86,"column":null}},"line":68},"4":{"name":"(anonymous_4)","decl":{"start":{"line":69,"column":13},"end":{"line":69,"column":22}},"loc":{"start":{"line":69,"column":42},"end":{"line":86,"column":null}},"line":69},"5":{"name":"(anonymous_5)","decl":{"start":{"line":72,"column":11},"end":{"line":72,"column":21}},"loc":{"start":{"line":72,"column":31},"end":{"line":77,"column":null}},"line":72},"6":{"name":"(anonymous_6)","decl":{"start":{"line":81,"column":11},"end":{"line":81,"column":27}},"loc":{"start":{"line":81,"column":27},"end":{"line":82,"column":null}},"line":81},"7":{"name":"loadWorkflowToStore","decl":{"start":{"line":92,"column":16},"end":{"line":92,"column":36}},"loc":{"start":{"line":92,"column":56},"end":{"line":133,"column":null}},"line":92},"8":{"name":"(anonymous_8)","decl":{"start":{"line":98,"column":18},"end":{"line":98,"column":26}},"loc":{"start":{"line":98,"column":34},"end":{"line":98,"column":63}},"line":98},"9":{"name":"(anonymous_9)","decl":{"start":{"line":99,"column":18},"end":{"line":99,"column":26}},"loc":{"start":{"line":99,"column":34},"end":{"line":99,"column":63}},"line":99},"10":{"name":"(anonymous_10)","decl":{"start":{"line":102,"column":13},"end":{"line":102,"column":21}},"loc":{"start":{"line":102,"column":29},"end":{"line":111,"column":null}},"line":102},"11":{"name":"(anonymous_11)","decl":{"start":{"line":114,"column":13},"end":{"line":114,"column":21}},"loc":{"start":{"line":114,"column":29},"end":{"line":126,"column":null}},"line":114},"12":{"name":"importWorkflowFromFile","decl":{"start":{"line":141,"column":22},"end":{"line":141,"column":45}},"loc":{"start":{"line":141,"column":80},"end":{"line":185,"column":null}},"line":141},"13":{"name":"(anonymous_13)","decl":{"start":{"line":169,"column":49},"end":{"line":169,"column":53}},"loc":{"start":{"line":169,"column":58},"end":{"line":169,"column":68}},"line":169},"14":{"name":"importWorkflowFromString","decl":{"start":{"line":192,"column":22},"end":{"line":192,"column":47}},"loc":{"start":{"line":192,"column":87},"end":{"line":225,"column":null}},"line":192},"15":{"name":"(anonymous_15)","decl":{"start":{"line":209,"column":49},"end":{"line":209,"column":53}},"loc":{"start":{"line":209,"column":58},"end":{"line":209,"column":68}},"line":209},"16":{"name":"getFriendlyErrorMessage","decl":{"start":{"line":232,"column":16},"end":{"line":232,"column":40}},"loc":{"start":{"line":232,"column":83},"end":{"line":250,"column":null}},"line":232},"17":{"name":"(anonymous_17)","decl":{"start":{"line":238,"column":27},"end":{"line":238,"column":31}},"loc":{"start":{"line":238,"column":36},"end":{"line":246,"column":null}},"line":238}},"branchMap":{"0":{"loc":{"start":{"line":32,"column":13},"end":{"line":32,"column":null}},"type":"cond-expr","locations":[{"start":{"line":32,"column":38},"end":{"line":32,"column":54}},{"start":{"line":32,"column":54},"end":{"line":32,"column":null}}],"line":32},"1":{"loc":{"start":{"line":44,"column":2},"end":{"line":49,"column":null}},"type":"if","locations":[{"start":{"line":44,"column":2},"end":{"line":49,"column":null}},{"start":{},"end":{}}],"line":44},"2":{"loc":{"start":{"line":53,"column":37},"end":{"line":53,"column":62}},"type":"binary-expr","locations":[{"start":{"line":53,"column":37},"end":{"line":53,"column":60}},{"start":{"line":53,"column":60},"end":{"line":53,"column":62}}],"line":53},"3":{"loc":{"start":{"line":74,"column":6},"end":{"line":77,"column":null}},"type":"if","locations":[{"start":{"line":74,"column":6},"end":{"line":77,"column":null}},{"start":{"line":76,"column":13},"end":{"line":77,"column":null}}],"line":74},"4":{"loc":{"start":{"line":119,"column":20},"end":{"line":119,"column":null}},"type":"binary-expr","locations":[{"start":{"line":119,"column":20},"end":{"line":119,"column":41}},{"start":{"line":119,"column":41},"end":{"line":119,"column":null}}],"line":119},"5":{"loc":{"start":{"line":120,"column":20},"end":{"line":120,"column":null}},"type":"binary-expr","locations":[{"start":{"line":120,"column":20},"end":{"line":120,"column":41}},{"start":{"line":120,"column":41},"end":{"line":120,"column":null}}],"line":120},"6":{"loc":{"start":{"line":129,"column":2},"end":{"line":133,"column":null}},"type":"if","locations":[{"start":{"line":129,"column":2},"end":{"line":133,"column":null}},{"start":{},"end":{}}],"line":129},"7":{"loc":{"start":{"line":144,"column":4},"end":{"line":148,"column":null}},"type":"if","locations":[{"start":{"line":144,"column":4},"end":{"line":148,"column":null}},{"start":{},"end":{}}],"line":144},"8":{"loc":{"start":{"line":156,"column":4},"end":{"line":160,"column":null}},"type":"if","locations":[{"start":{"line":156,"column":4},"end":{"line":160,"column":null}},{"start":{},"end":{}}],"line":156},"9":{"loc":{"start":{"line":165,"column":4},"end":{"line":170,"column":null}},"type":"if","locations":[{"start":{"line":165,"column":4},"end":{"line":170,"column":null}},{"start":{},"end":{}}],"line":165},"10":{"loc":{"start":{"line":184,"column":13},"end":{"line":184,"column":null}},"type":"cond-expr","locations":[{"start":{"line":184,"column":38},"end":{"line":184,"column":54}},{"start":{"line":184,"column":54},"end":{"line":184,"column":null}}],"line":184},"11":{"loc":{"start":{"line":196,"column":4},"end":{"line":200,"column":null}},"type":"if","locations":[{"start":{"line":196,"column":4},"end":{"line":200,"column":null}},{"start":{},"end":{}}],"line":196},"12":{"loc":{"start":{"line":205,"column":4},"end":{"line":210,"column":null}},"type":"if","locations":[{"start":{"line":205,"column":4},"end":{"line":210,"column":null}},{"start":{},"end":{}}],"line":205},"13":{"loc":{"start":{"line":224,"column":13},"end":{"line":224,"column":null}},"type":"cond-expr","locations":[{"start":{"line":224,"column":38},"end":{"line":224,"column":54}},{"start":{"line":224,"column":54},"end":{"line":224,"column":null}}],"line":224},"14":{"loc":{"start":{"line":233,"column":2},"end":{"line":234,"column":null}},"type":"if","locations":[{"start":{"line":233,"column":2},"end":{"line":234,"column":null}},{"start":{},"end":{}}],"line":233},"15":{"loc":{"start":{"line":237,"column":2},"end":{"line":247,"column":null}},"type":"if","locations":[{"start":{"line":237,"column":2},"end":{"line":247,"column":null}},{"start":{},"end":{}}],"line":237},"16":{"loc":{"start":{"line":239,"column":6},"end":{"line":240,"column":null}},"type":"if","locations":[{"start":{"line":239,"column":6},"end":{"line":240,"column":null}},{"start":{},"end":{}}],"line":239},"17":{"loc":{"start":{"line":242,"column":6},"end":{"line":243,"column":null}},"type":"if","locations":[{"start":{"line":242,"column":6},"end":{"line":243,"column":null}},{"start":{},"end":{}}],"line":242}},"s":{"0":12,"1":12,"2":12,"3":4,"4":15,"5":15,"6":5,"7":10,"8":18,"9":15,"10":6,"11":6,"12":6,"13":4,"14":4,"15":4,"16":0,"17":6,"18":1,"19":6,"20":8,"21":8,"22":8,"23":8,"24":1,"25":8,"26":0,"27":8,"28":7,"29":8,"30":2,"31":8,"32":2,"33":5,"34":5,"35":1,"36":4,"37":3,"38":3,"39":1,"40":2,"41":2,"42":1,"43":2,"44":1,"45":1,"46":1,"47":1,"48":6,"49":6,"50":6,"51":2,"52":4,"53":4,"54":3,"55":5,"56":1,"57":1,"58":0,"59":0,"60":9,"61":2,"62":7,"63":6,"64":8,"65":5,"66":3,"67":3,"68":0,"69":6,"70":1},"f":{"0":12,"1":15,"2":18,"3":6,"4":6,"5":4,"6":1,"7":8,"8":1,"9":0,"10":7,"11":2,"12":5,"13":2,"14":6,"15":5,"16":9,"17":8},"b":{"0":[4,0],"1":[5,10],"2":[10,0],"3":[4,0],"4":[2,2],"5":[2,2],"6":[2,6],"7":[1,4],"8":[1,2],"9":[1,1],"10":[0,1],"11":[2,4],"12":[3,1],"13":[0,0],"14":[2,7],"15":[6,1],"16":[5,3],"17":[3,0]},"meta":{"lastBranch":18,"lastFunction":18,"lastStatement":71,"seen":{"f:25:16:25:26":0,"s:26:2:33:Infinity":0,"s:27:17:27:36":1,"s:28:4:28:Infinity":2,"s:30:4:33:Infinity":3,"b:32:38:32:54:32:54:32:Infinity":0,"f:41:16:41:33":1,"s:42:17:42:47":4,"b:44:2:49:Infinity:undefined:undefined:undefined:undefined":1,"s:44:2:49:Infinity":5,"s:45:4:49:Infinity":6,"s:53:8:57:5":7,"b:53:37:53:60:53:60:53:62":2,"f:53:64:53:68":2,"s:53:76:57:5":8,"s:59:2:62:Infinity":9,"f:68:16:68:25":3,"s:69:2:86:Infinity":10,"f:69:13:69:22":4,"s:70:19:70:35":11,"s:72:4:77:Infinity":12,"f:72:11:72:21":5,"s:73:22:73:Infinity":13,"b:74:6:77:Infinity:76:13:77:Infinity":3,"s:74:6:77:Infinity":14,"s:75:8:75:Infinity":15,"s:77:8:77:Infinity":16,"s:81:4:82:Infinity":17,"f:81:11:81:27":6,"s:82:6:82:Infinity":18,"s:85:4:85:Infinity":19,"f:92:16:92:36":7,"s:93:20:93:43":20,"s:94:20:94:43":21,"s:95:24:95:51":22,"s:98:2:98:Infinity":23,"f:98:18:98:26":8,"s:98:34:98:63":24,"s:99:2:99:Infinity":25,"f:99:18:99:26":9,"s:99:34:99:63":26,"s:102:2:111:Infinity":27,"f:102:13:102:21":10,"s:103:4:110:Infinity":28,"s:114:2:126:Infinity":29,"f:114:13:114:21":11,"s:115:4:125:Infinity":30,"b:119:20:119:41:119:41:119:Infinity":4,"b:120:20:120:41:120:41:120:Infinity":5,"b:129:2:133:Infinity:undefined:undefined:undefined:undefined":6,"s:129:2:133:Infinity":31,"s:130:4:133:Infinity":32,"f:141:22:141:45":12,"s:142:2:185:Infinity":33,"b:144:4:148:Infinity:undefined:undefined:undefined:undefined":7,"s:144:4:148:Infinity":34,"s:145:6:148:Infinity":35,"s:152:20:152:40":36,"s:155:24:155:42":37,"b:156:4:160:Infinity:undefined:undefined:undefined:undefined":8,"s:156:4:160:Infinity":38,"s:157:6:160:Infinity":39,"s:164:29:164:63":40,"b:165:4:170:Infinity:undefined:undefined:undefined:undefined":9,"s:165:4:170:Infinity":41,"s:166:6:170:Infinity":42,"f:169:49:169:53":13,"s:169:58:169:68":43,"s:174:4:174:Infinity":44,"s:176:4:179:Infinity":45,"s:181:4:181:Infinity":46,"s:182:4:185:Infinity":47,"b:184:38:184:54:184:54:184:Infinity":10,"f:192:22:192:47":14,"s:193:2:225:Infinity":48,"s:195:24:195:42":49,"b:196:4:200:Infinity:undefined:undefined:undefined:undefined":11,"s:196:4:200:Infinity":50,"s:197:6:200:Infinity":51,"s:204:29:204:63":52,"b:205:4:210:Infinity:undefined:undefined:undefined:undefined":12,"s:205:4:210:Infinity":53,"s:206:6:210:Infinity":54,"f:209:49:209:53":15,"s:209:58:209:68":55,"s:214:4:214:Infinity":56,"s:216:4:219:Infinity":57,"s:221:4:221:Infinity":58,"s:222:4:225:Infinity":59,"b:224:38:224:54:224:54:224:Infinity":13,"f:232:16:232:40":16,"b:233:2:234:Infinity:undefined:undefined:undefined:undefined":14,"s:233:2:234:Infinity":60,"s:234:4:234:Infinity":61,"b:237:2:247:Infinity:undefined:undefined:undefined:undefined":15,"s:237:2:247:Infinity":62,"s:238:21:246:Infinity":63,"f:238:27:238:31":17,"b:239:6:240:Infinity:undefined:undefined:undefined:undefined":16,"s:239:6:240:Infinity":64,"s:240:8:240:Infinity":65,"b:242:6:243:Infinity:undefined:undefined:undefined:undefined":17,"s:242:6:243:Infinity":66,"s:243:8:243:Infinity":67,"s:245:6:245:Infinity":68,"s:247:4:247:Infinity":69,"s:250:2:250:Infinity":70}}}
,"/Users/ben/.openclaw/workspace-coder/ai-workflow/frontend/src/io/index.ts": {"path":"/Users/ben/.openclaw/workspace-coder/ai-workflow/frontend/src/io/index.ts","statementMap":{},"fnMap":{},"branchMap":{},"s":{},"f":{},"b":{},"meta":{"lastBranch":0,"lastFunction":0,"lastStatement":0,"seen":{}}}
,"/Users/ben/.openclaw/workspace-coder/ai-workflow/frontend/src/io/schema.ts": {"path":"/Users/ben/.openclaw/workspace-coder/ai-workflow/frontend/src/io/schema.ts","statementMap":{"0":{"start":{"line":11,"column":30},"end":{"line":37,"column":16}},"1":{"start":{"line":42,"column":30},"end":{"line":52,"column":16}},"2":{"start":{"line":57,"column":30},"end":{"line":61,"column":2}},"3":{"start":{"line":66,"column":30},"end":{"line":79,"column":2}}},"fnMap":{},"branchMap":{},"s":{"0":4,"1":4,"2":4,"3":4},"f":{},"b":{},"meta":{"lastBranch":0,"lastFunction":0,"lastStatement":4,"seen":{"s:11:30:37:16":0,"s:42:30:52:16":1,"s:57:30:61:2":2,"s:66:30:79:2":3}}}
,"/Users/ben/.openclaw/workspace-coder/ai-workflow/frontend/src/store/edgeStore.ts": {"path":"/Users/ben/.openclaw/workspace-coder/ai-workflow/frontend/src/store/edgeStore.ts","statementMap":{"0":{"start":{"line":16,"column":13},"end":{"line":57,"column":3}},"1":{"start":{"line":16,"column":61},"end":{"line":57,"column":3}},"2":{"start":{"line":21,"column":4},"end":{"line":21,"column":55}},"3":{"start":{"line":21,"column":20},"end":{"line":21,"column":53}},"4":{"start":{"line":24,"column":4},"end":{"line":27,"column":7}},"5":{"start":{"line":24,"column":20},"end":{"line":27,"column":7}},"6":{"start":{"line":25,"column":39},"end":{"line":25,"column":55}},"7":{"start":{"line":26,"column":60},"end":{"line":26,"column":null}},"8":{"start":{"line":30,"column":4},"end":{"line":34,"column":7}},"9":{"start":{"line":30,"column":20},"end":{"line":33,"column":null}},"10":{"start":{"line":37,"column":4},"end":{"line":39,"column":7}},"11":{"start":{"line":37,"column":20},"end":{"line":38,"column":null}},"12":{"start":{"line":38,"column":60},"end":{"line":38,"column":74}},"13":{"start":{"line":41,"column":24},"end":{"line":41,"column":52}},"14":{"start":{"line":44,"column":4},"end":{"line":49,"column":7}},"15":{"start":{"line":44,"column":20},"end":{"line":49,"column":7}},"16":{"start":{"line":46,"column":18},"end":{"line":46,"column":58}},"17":{"start":{"line":52,"column":4},"end":{"line":56,"column":null}},"18":{"start":{"line":52,"column":20},"end":{"line":55,"column":null}},"19":{"start":{"line":54,"column":18},"end":{"line":54,"column":null}}},"fnMap":{"0":{"name":"(anonymous_0)","decl":{"start":{"line":16,"column":28},"end":{"line":16,"column":47}},"loc":{"start":{"line":16,"column":61},"end":{"line":57,"column":3}},"line":16},"1":{"name":"(anonymous_1)","decl":{"start":{"line":20,"column":2},"end":{"line":20,"column":12}},"loc":{"start":{"line":21,"column":4},"end":{"line":21,"column":55}},"line":21},"2":{"name":"(anonymous_2)","decl":{"start":{"line":21,"column":4},"end":{"line":21,"column":9}},"loc":{"start":{"line":21,"column":20},"end":{"line":21,"column":53}},"line":21},"3":{"name":"(anonymous_3)","decl":{"start":{"line":23,"column":2},"end":{"line":23,"column":15}},"loc":{"start":{"line":24,"column":4},"end":{"line":27,"column":7}},"line":24},"4":{"name":"(anonymous_4)","decl":{"start":{"line":24,"column":4},"end":{"line":24,"column":9}},"loc":{"start":{"line":24,"column":20},"end":{"line":27,"column":7}},"line":24},"5":{"name":"(anonymous_5)","decl":{"start":{"line":25,"column":25},"end":{"line":25,"column":33}},"loc":{"start":{"line":25,"column":39},"end":{"line":25,"column":55}},"line":25},"6":{"name":"(anonymous_6)","decl":{"start":{"line":26,"column":45},"end":{"line":26,"column":53}},"loc":{"start":{"line":26,"column":60},"end":{"line":26,"column":null}},"line":26},"7":{"name":"(anonymous_7)","decl":{"start":{"line":29,"column":2},"end":{"line":29,"column":15}},"loc":{"start":{"line":30,"column":4},"end":{"line":34,"column":7}},"line":30},"8":{"name":"(anonymous_8)","decl":{"start":{"line":30,"column":4},"end":{"line":30,"column":9}},"loc":{"start":{"line":30,"column":20},"end":{"line":33,"column":null}},"line":30},"9":{"name":"(anonymous_9)","decl":{"start":{"line":36,"column":2},"end":{"line":36,"column":17}},"loc":{"start":{"line":37,"column":4},"end":{"line":39,"column":7}},"line":37},"10":{"name":"(anonymous_10)","decl":{"start":{"line":37,"column":4},"end":{"line":37,"column":9}},"loc":{"start":{"line":37,"column":20},"end":{"line":38,"column":null}},"line":37},"11":{"name":"(anonymous_11)","decl":{"start":{"line":38,"column":45},"end":{"line":38,"column":53}},"loc":{"start":{"line":38,"column":60},"end":{"line":38,"column":74}},"line":38},"12":{"name":"(anonymous_12)","decl":{"start":{"line":41,"column":2},"end":{"line":41,"column":24}},"loc":{"start":{"line":41,"column":24},"end":{"line":41,"column":52}},"line":41},"13":{"name":"(anonymous_13)","decl":{"start":{"line":43,"column":2},"end":{"line":43,"column":null}},"loc":{"start":{"line":44,"column":4},"end":{"line":49,"column":7}},"line":44},"14":{"name":"(anonymous_14)","decl":{"start":{"line":44,"column":4},"end":{"line":44,"column":9}},"loc":{"start":{"line":44,"column":20},"end":{"line":49,"column":7}},"line":44},"15":{"name":"(anonymous_15)","decl":{"start":{"line":45,"column":25},"end":{"line":45,"column":null}},"loc":{"start":{"line":46,"column":18},"end":{"line":46,"column":58}},"line":46},"16":{"name":"(anonymous_16)","decl":{"start":{"line":51,"column":2},"end":{"line":51,"column":23}},"loc":{"start":{"line":52,"column":4},"end":{"line":56,"column":null}},"line":52},"17":{"name":"(anonymous_17)","decl":{"start":{"line":52,"column":4},"end":{"line":52,"column":9}},"loc":{"start":{"line":52,"column":20},"end":{"line":55,"column":null}},"line":52},"18":{"name":"(anonymous_18)","decl":{"start":{"line":53,"column":25},"end":{"line":53,"column":null}},"loc":{"start":{"line":54,"column":18},"end":{"line":54,"column":null}},"line":54}},"branchMap":{"0":{"loc":{"start":{"line":29,"column":23},"end":{"line":29,"column":null}},"type":"default-arg","locations":[{"start":{"line":29,"column":31},"end":{"line":29,"column":null}}],"line":29},"1":{"loc":{"start":{"line":31,"column":23},"end":{"line":33,"column":18}},"type":"cond-expr","locations":[{"start":{"line":32,"column":10},"end":{"line":32,"column":44}},{"start":{"line":33,"column":10},"end":{"line":33,"column":18}}],"line":31},"2":{"loc":{"start":{"line":54,"column":18},"end":{"line":54,"column":null}},"type":"binary-expr","locations":[{"start":{"line":54,"column":18},"end":{"line":54,"column":44}},{"start":{"line":54,"column":44},"end":{"line":54,"column":null}}],"line":54}},"s":{"0":5,"1":5,"2":143,"3":143,"4":7,"5":7,"6":9,"7":2,"8":20,"9":20,"10":3,"11":3,"12":4,"13":2,"14":3,"15":3,"16":7,"17":1,"18":1,"19":3},"f":{"0":5,"1":143,"2":143,"3":7,"4":7,"5":9,"6":2,"7":20,"8":20,"9":3,"10":3,"11":4,"12":2,"13":3,"14":3,"15":7,"16":1,"17":1,"18":3},"b":{"0":[20],"1":[8,12],"2":[3,2]},"meta":{"lastBranch":3,"lastFunction":19,"lastStatement":20,"seen":{"s:16:13:57:3":0,"f:16:28:16:47":0,"s:16:61:57:3":1,"f:20:2:20:12":1,"s:21:4:21:55":2,"f:21:4:21:9":2,"s:21:20:21:53":3,"f:23:2:23:15":3,"s:24:4:27:7":4,"f:24:4:24:9":4,"s:24:20:27:7":5,"f:25:25:25:33":5,"s:25:39:25:55":6,"f:26:45:26:53":6,"s:26:60:26:Infinity":7,"f:29:2:29:15":7,"s:30:4:34:7":8,"b:29:31:29:Infinity":0,"f:30:4:30:9":8,"s:30:20:33:Infinity":9,"b:32:10:32:44:33:10:33:18":1,"f:36:2:36:17":9,"s:37:4:39:7":10,"f:37:4:37:9":10,"s:37:20:38:Infinity":11,"f:38:45:38:53":11,"s:38:60:38:74":12,"f:41:2:41:24":12,"s:41:24:41:52":13,"f:43:2:43:Infinity":13,"s:44:4:49:7":14,"f:44:4:44:9":14,"s:44:20:49:7":15,"f:45:25:45:Infinity":15,"s:46:18:46:58":16,"f:51:2:51:23":16,"s:52:4:56:Infinity":17,"f:52:4:52:9":17,"s:52:20:55:Infinity":18,"f:53:25:53:Infinity":18,"s:54:18:54:Infinity":19,"b:54:18:54:44:54:44:54:Infinity":2}}}
,"/Users/ben/.openclaw/workspace-coder/ai-workflow/frontend/src/store/nodeStore.ts": {"path":"/Users/ben/.openclaw/workspace-coder/ai-workflow/frontend/src/store/nodeStore.ts","statementMap":{"0":{"start":{"line":16,"column":13},"end":{"line":57,"column":3}},"1":{"start":{"line":16,"column":61},"end":{"line":57,"column":3}},"2":{"start":{"line":21,"column":4},"end":{"line":21,"column":55}},"3":{"start":{"line":21,"column":20},"end":{"line":21,"column":53}},"4":{"start":{"line":24,"column":4},"end":{"line":27,"column":7}},"5":{"start":{"line":24,"column":20},"end":{"line":27,"column":7}},"6":{"start":{"line":25,"column":39},"end":{"line":25,"column":55}},"7":{"start":{"line":26,"column":60},"end":{"line":26,"column":null}},"8":{"start":{"line":30,"column":4},"end":{"line":34,"column":7}},"9":{"start":{"line":30,"column":20},"end":{"line":33,"column":null}},"10":{"start":{"line":32,"column":8},"end":{"line":32,"column":null}},"11":{"start":{"line":37,"column":4},"end":{"line":41,"column":7}},"12":{"start":{"line":37,"column":20},"end":{"line":40,"column":null}},"13":{"start":{"line":44,"column":4},"end":{"line":46,"column":7}},"14":{"start":{"line":44,"column":20},"end":{"line":45,"column":null}},"15":{"start":{"line":45,"column":60},"end":{"line":45,"column":74}},"16":{"start":{"line":48,"column":24},"end":{"line":48,"column":52}},"17":{"start":{"line":51,"column":4},"end":{"line":56,"column":null}},"18":{"start":{"line":51,"column":20},"end":{"line":56,"column":null}},"19":{"start":{"line":53,"column":18},"end":{"line":53,"column":58}}},"fnMap":{"0":{"name":"(anonymous_0)","decl":{"start":{"line":16,"column":28},"end":{"line":16,"column":47}},"loc":{"start":{"line":16,"column":61},"end":{"line":57,"column":3}},"line":16},"1":{"name":"(anonymous_1)","decl":{"start":{"line":20,"column":2},"end":{"line":20,"column":12}},"loc":{"start":{"line":21,"column":4},"end":{"line":21,"column":55}},"line":21},"2":{"name":"(anonymous_2)","decl":{"start":{"line":21,"column":4},"end":{"line":21,"column":9}},"loc":{"start":{"line":21,"column":20},"end":{"line":21,"column":53}},"line":21},"3":{"name":"(anonymous_3)","decl":{"start":{"line":23,"column":2},"end":{"line":23,"column":15}},"loc":{"start":{"line":24,"column":4},"end":{"line":27,"column":7}},"line":24},"4":{"name":"(anonymous_4)","decl":{"start":{"line":24,"column":4},"end":{"line":24,"column":9}},"loc":{"start":{"line":24,"column":20},"end":{"line":27,"column":7}},"line":24},"5":{"name":"(anonymous_5)","decl":{"start":{"line":25,"column":25},"end":{"line":25,"column":33}},"loc":{"start":{"line":25,"column":39},"end":{"line":25,"column":55}},"line":25},"6":{"name":"(anonymous_6)","decl":{"start":{"line":26,"column":45},"end":{"line":26,"column":53}},"loc":{"start":{"line":26,"column":60},"end":{"line":26,"column":null}},"line":26},"7":{"name":"(anonymous_7)","decl":{"start":{"line":29,"column":2},"end":{"line":29,"column":15}},"loc":{"start":{"line":30,"column":4},"end":{"line":34,"column":7}},"line":30},"8":{"name":"(anonymous_8)","decl":{"start":{"line":30,"column":4},"end":{"line":30,"column":9}},"loc":{"start":{"line":30,"column":20},"end":{"line":33,"column":null}},"line":30},"9":{"name":"(anonymous_9)","decl":{"start":{"line":31,"column":25},"end":{"line":31,"column":30}},"loc":{"start":{"line":32,"column":8},"end":{"line":32,"column":null}},"line":32},"10":{"name":"(anonymous_10)","decl":{"start":{"line":36,"column":2},"end":{"line":36,"column":15}},"loc":{"start":{"line":37,"column":4},"end":{"line":41,"column":7}},"line":37},"11":{"name":"(anonymous_11)","decl":{"start":{"line":37,"column":4},"end":{"line":37,"column":9}},"loc":{"start":{"line":37,"column":20},"end":{"line":40,"column":null}},"line":37},"12":{"name":"(anonymous_12)","decl":{"start":{"line":43,"column":2},"end":{"line":43,"column":17}},"loc":{"start":{"line":44,"column":4},"end":{"line":46,"column":7}},"line":44},"13":{"name":"(anonymous_13)","decl":{"start":{"line":44,"column":4},"end":{"line":44,"column":9}},"loc":{"start":{"line":44,"column":20},"end":{"line":45,"column":null}},"line":44},"14":{"name":"(anonymous_14)","decl":{"start":{"line":45,"column":45},"end":{"line":45,"column":53}},"loc":{"start":{"line":45,"column":60},"end":{"line":45,"column":74}},"line":45},"15":{"name":"(anonymous_15)","decl":{"start":{"line":48,"column":2},"end":{"line":48,"column":24}},"loc":{"start":{"line":48,"column":24},"end":{"line":48,"column":52}},"line":48},"16":{"name":"(anonymous_16)","decl":{"start":{"line":50,"column":2},"end":{"line":50,"column":null}},"loc":{"start":{"line":51,"column":4},"end":{"line":56,"column":null}},"line":51},"17":{"name":"(anonymous_17)","decl":{"start":{"line":51,"column":4},"end":{"line":51,"column":9}},"loc":{"start":{"l
[...]
0,"45":0,"46":0,"47":0,"48":1,"49":2,"50":2,"51":2,"52":1,"53":1,"54":1,"55":1,"56":2,"57":2,"58":2,"59":2,"60":2,"61":2,"62":2,"63":2,"64":0,"65":2,"66":2,"67":1,"68":3,"69":2,"70":1,"71":2,"72":2,"73":0},"f":{"0":0,"1":0,"2":0,"3":0,"4":0,"5":0,"6":0,"7":0,"8":0,"9":0,"10":0,"11":0,"12":0,"13":0,"14":0,"15":0,"16":0,"17":0,"18":2,"19":2,"20":2,"21":2,"22":2,"23":2,"24":2,"25":3,"26":2,"27":0},"b":{"0":[0,0],"1":[0,0],"2":[0,0],"3":[0,0],"4":[0],"5":[0,0],"6":[0,0],"7":[0,0],"8":[0,0],"9":[0,0],"10":[0,0],"11":[1,1],"12":[2,1],"13":[1,0],"14":[2,1],"15":[0,2],"16":[1,1],"17":[1,1],"18":[2,1]},"meta":{"lastBranch":19,"lastFunction":28,"lastStatement":74,"seen":{"s:25:29:30:Infinity":0,"f:25:29:25:36":0,"s:26:19:26:67":1,"b:27:2:28:Infinity:undefined:undefined:undefined:undefined":0,"s:27:2:28:Infinity":2,"s:28:4:28:Infinity":3,"s:30:2:30:Infinity":4,"s:34:27:40:Infinity":5,"f:34:27:34:34":1,"s:35:19:38:4":6,"b:39:2:40:Infinity:undefined:undefined:undefined:undefined":1,"s:39:2:40:Infinity":7,"s:40:4:40:Infinity":8,"s:45:31:54:Infinity":9,"f:45:31:45:38":2,"s:46:19:50:4":10,"b:49:25:49:35:49:35:49:37":2,"b:51:2:52:Infinity:undefined:undefined:undefined:undefined":3,"s:51:2:52:Infinity":11,"s:52:4:52:Infinity":12,"s:54:2:54:Infinity":13,"s:61:13:120:Infinity":14,"f:61:13:61:36":3,"b:61:83:61:92":4,"s:62:8:62:38":15,"s:63:8:63:78":16,"f:63:27:63:45":4,"s:63:55:63:78":17,"s:64:8:64:60":18,"f:64:18:64:36":5,"s:64:46:64:60":19,"s:65:8:65:80":20,"f:65:28:65:46":6,"s:65:56:65:80":21,"s:66:8:66:74":22,"f:66:25:66:43":7,"s:66:53:66:74":23,"s:69:34:76:4":24,"f:71:4:71:19":8,"s:71:19:71:53":25,"b:72:13:72:24:72:24:72:Infinity":5,"s:79:2:112:Infinity":26,"f:79:2:79:20":9,"b:80:4:80:Infinity:undefined:undefined:undefined:undefined":6,"s:80:4:80:Infinity":27,"s:80:15:80:Infinity":28,"s:83:4:91:Infinity":29,"s:94:4:103:Infinity":30,"f:94:36:94:45":10,"s:95:6:102:Infinity":31,"b:106:4:107:Infinity:undefined:undefined:undefined:undefined":7,"s:106:4:107:Infinity":32,"s:107:6:107:Infinity":33,"s:111:4:111:Infinity":34,"b:111:19:111:48:111:48:111:74":8,"s:114:2:120:Infinity":35,"b:119:15:119:26:119:26:119:Infinity":9,"s:126:13:139:Infinity":36,"f:126:13:126:39":11,"s:127:8:127:38":37,"s:129:2:139:Infinity":38,"f:130:4:130:17":12,"s:131:6:131:48":39,"f:132:4:132:16":13,"s:134:6:137:Infinity":40,"f:136:8:136:23":14,"s:136:23:136:Infinity":41,"s:145:13:157:Infinity":42,"f:145:13:145:29":15,"s:146:8:146:38":43,"s:148:2:157:Infinity":44,"f:149:4:149:17":16,"s:150:6:150:46":45,"f:151:4:151:21":17,"b:153:6:154:Infinity:undefined:undefined:undefined:undefined":10,"s:153:6:154:Infinity":46,"s:154:8:154:Infinity":47,"s:163:13:183:Infinity":48,"f:163:13:163:30":18,"s:164:8:164:74":49,"f:164:25:164:43":19,"s:164:53:164:74":50,"b:166:2:172:Infinity:undefined:undefined:undefined:undefined":11,"s:166:2:172:Infinity":51,"b:166:6:166:25:166:25:166:53":12,"s:167:4:172:Infinity":52,"s:175:20:175:Infinity":53,"s:177:2:183:Infinity":54,"b:178:12:178:33:178:33:178:Infinity":13,"b:181:16:181:41:181:41:181:Infinity":14,"s:189:13:216:Infinity":55,"f:189:13:189:37":20,"s:190:8:190:74":56,"f:190:25:190:43":21,"s:190:53:190:74":57,"s:191:8:191:64":58,"f:191:20:191:38":22,"s:191:48:191:64":59,"s:192:8:192:78":60,"f:192:27:192:45":23,"s:192:55:192:78":61,"s:194:2:216:Infinity":62,"f:194:9:194:23":24,"b:195:4:195:Infinity:undefined:undefined:undefined:undefined":15,"s:195:4:195:Infinity":63,"s:195:25:195:Infinity":64,"s:197:15:197:Infinity":65,"b:200:4:201:Infinity:undefined:undefined:undefined:undefined":16,"s:200:4:201:Infinity":66,"s:201:6:201:Infinity":67,"f:201:18:201:25":25,"s:201:32:201:56":68,"b:205:4:209:Infinity:undefined:undefined:undefined:undefined":17,"s:205:4:209:Infinity":69,"s:206:6:209:Infinity":70,"f:206:18:206:25":26,"s:207:8:208:74":71,"b:207:8:207:74:208:8:208:74":18,"s:213:4:215:Infinity":72,"f:213:16:213:22":27,"s:214:6:214:71":73}}}
,"/Users/ben/.openclaw/workspace-coder/ai-workflow/frontend/src/workflow/store/useWorkflowStore.ts": {"path":"/Users/ben/.openclaw/workspace-coder/ai-workflow/frontend/src/workflow/store/useWorkflowStore.ts","statementMap":{"0":{"start":{"line":91,"column":6},"end":{"line":97,"column":null}},"1":{"start":{"line":91,"column":106},"end":{"line":97,"column":null}},"2":{"start":{"line":99,"column":13},"end":{"line":266,"column":3}},"3":{"start":{"line":99,"column":69},"end":{"line":266,"column":3}},"4":{"start":{"line":112,"column":23},"end":{"line":112,"column":37}},"5":{"start":{"line":115,"column":23},"end":{"line":115,"column":37}},"6":{"start":{"line":119,"column":4},"end":{"line":150,"column":null}},"7":{"start":{"line":120,"column":31},"end":{"line":120,"column":77}},"8":{"start":{"line":122,"column":50},"end":{"line":126,"column":null}},"9":{"start":{"line":129,"column":6},"end":{"line":130,"column":null}},"10":{"start":{"line":130,"column":8},"end":{"line":130,"column":null}},"11":{"start":{"line":132,"column":6},"end":{"line":137,"column":null}},"12":{"start":{"line":133,"column":8},"end":{"line":133,"column":null}},"13":{"start":{"line":134,"column":8},"end":{"line":137,"column":null}},"14":{"start":{"line":135,"column":10},"end":{"line":137,"column":null}},"15":{"start":{"line":141,"column":6},"end":{"line":149,"column":null}},"16":{"start":{"line":155,"column":4},"end":{"line":172,"column":null}},"17":{"start":{"line":156,"column":6},"end":{"line":156,"column":null}},"18":{"start":{"line":156,"column":33},"end":{"line":156,"column":null}},"19":{"start":{"line":158,"column":31},"end":{"line":158,"column":76}},"20":{"start":{"line":160,"column":6},"end":{"line":171,"column":null}},"21":{"start":{"line":177,"column":4},"end":{"line":186,"column":null}},"22":{"start":{"line":178,"column":6},"end":{"line":178,"column":null}},"23":{"start":{"line":178,"column":33},"end":{"line":178,"column":null}},"24":{"start":{"line":180,"column":6},"end":{"line":185,"column":null}},"25":{"start":{"line":191,"column":4},"end":{"line":200,"column":null}},"26":{"start":{"line":192,"column":6},"end":{"line":192,"column":null}},"27":{"start":{"line":192,"column":33},"end":{"line":192,"column":null}},"28":{"start":{"line":194,"column":6},"end":{"line":199,"column":null}},"29":{"start":{"line":205,"column":4},"end":{"line":216,"column":null}},"30":{"start":{"line":206,"column":6},"end":{"line":206,"column":null}},"31":{"start":{"line":206,"column":33},"end":{"line":206,"column":null}},"32":{"start":{"line":208,"column":6},"end":{"line":215,"column":null}},"33":{"start":{"line":212,"column":54},"end":{"line":212,"column":76}},"34":{"start":{"line":220,"column":32},"end":{"line":220,"column":62}},"35":{"start":{"line":223,"column":35},"end":{"line":223,"column":55}},"36":{"start":{"line":227,"column":18},"end":{"line":227,"column":23}},"37":{"start":{"line":228,"column":4},"end":{"line":228,"column":null}},"38":{"start":{"line":228,"column":31},"end":{"line":228,"column":null}},"39":{"start":{"line":230,"column":22},"end":{"line":230,"column":null}},"40":{"start":{"line":231,"column":4},"end":{"line":231,"column":null}},"41":{"start":{"line":231,"column":53},"end":{"line":231,"column":null}},"42":{"start":{"line":234,"column":4},"end":{"line":237,"column":null}},"43":{"start":{"line":240,"column":4},"end":{"line":240,"column":null}},"44":{"start":{"line":244,"column":26},"end":{"line":244,"column":57}},"45":{"start":{"line":247,"column":30},"end":{"line":247,"column":58}},"46":{"start":{"line":250,"column":28},"end":{"line":250,"column":54}},"47":{"start":{"line":253,"column":36},"end":{"line":253,"column":70}},"48":{"start":{"line":256,"column":36},"end":{"line":256,"column":70}},"49":{"start":{"line":259,"column":29},"end":{"line":265,"column":null}}},"fnMap":{"0":{"name":"(anonymous_0)","decl":{"start":{"line":91,"column":6},"end":{"line":91,"column":37}},"loc":{"start":{"line":91,"column":106},"end":{"line":97,"column":null}},"line":91},"1":{"name":"(anonymous_1)","decl":{"start":{"line":99,"column":32},"end":{"line":99,"column":55}},"loc":{"start":{"line":99,"column":69},"end":{"line":266,"column":3}},"line":99},"2":{"name":"(anonymous_2)","decl":{"start":{"line":112,"column":2},"end":{"line":112,"column":13}},"loc":{"start":{"line":112,"column":23},"end":{"line":112,"column":37}},"line":112},"3":{"name":"(anonymous_3)","decl":{"start":{"line":115,"column":2},"end":{"line":115,"column":13}},"loc":{"start":{"line":115,"column":23},"end":{"line":115,"column":37}},"line":115},"4":{"name":"(anonymous_4)","decl":{"start":{"line":118,"column":2},"end":{"line":118,"column":21}},"loc":{"start":{"line":118,"column":51},"end":{"line":150,"column":null}},"line":118},"5":{"name":"(anonymous_5)","decl":{"start":{"line":119,"column":4},"end":{"line":119,"column":9}},"loc":{"start":{"line":119,"column":19},"end":{"line":150,"column":null}},"line":119},"6":{"name":"(anonymous_6)","decl":{"start":{"line":154,"column":2},"end":{"line":154,"column":28}},"loc":{"start":{"line":154,"column":54},"end":{"line":172,"column":null}},"line":154},"7":{"name":"(anonymous_7)","decl":{"start":{"line":155,"column":4},"end":{"line":155,"column":9}},"loc":{"start":{"line":155,"column":19},"end":{"line":172,"column":null}},"line":155},"8":{"name":"(anonymous_8)","decl":{"start":{"line":176,"column":2},"end":{"line":176,"column":11}},"loc":{"start":{"line":176,"column":19},"end":{"line":186,"column":null}},"line":176},"9":{"name":"(anonymous_9)","decl":{"start":{"line":177,"column":4},"end":{"line":177,"column":9}},"loc":{"start":{"line":177,"column":19},"end":{"line":186,"column":null}},"line":177},"10":{"name":"(anonymous_10)","decl":{"start":{"line":190,"column":2},"end":{"line":190,"column":12}},"loc":{"start":{"line":190,"column":21},"end":{"line":200,"column":null}},"line":190},"11":{"name":"(anonymous_11)","decl":{"start":{"line":191,"column":4},"end":{"line":191,"column":9}},"loc":{"start":{"line":191,"column":19},"end":{"line":200,"column":null}},"line":191},"12":{"name":"(anonymous_12)","decl":{"start":{"line":204,"column":2},"end":{"line":204,"column":14}},"loc":{"start":{"line":204,"column":25},"end":{"line":216,"column":null}},"line":204},"13":{"name":"(anonymous_13)","decl":{"start":{"line":205,"column":4},"end":{"line":205,"column":9}},"loc":{"start":{"line":205,"column":19},"end":{"line":216,"column":null}},"line":205},"14":{"name":"(anonymous_14)","decl":{"start":{"line":212,"column":40},"end":{"line":212,"column":47}},"loc":{"start":{"line":212,"column":54},"end":{"line":212,"column":76}},"line":212},"15":{"name":"(anonymous_15)","decl":{"start":{"line":220,"column":2},"end":{"line":220,"column":22}},"loc":{"start":{"line":220,"column":32},"end":{"line":220,"column":62}},"line":220},"16":{"name":"(anonymous_16)","decl":{"start":{"line":223,"column":2},"end":{"line":223,"column":19}},"loc":{"start":{"line":223,"column":35},"end":{"line":223,"column":55}},"line":223},"17":{"name":"(anonymous_17)","decl":{"start":{"line":226,"column":13},"end":{"line":226,"column":20}},"loc":{"start":{"line":226,"column":31},"end":{"line":240,"column":null}},"line":226},"18":{"name":"(anonymous_18)","decl":{"start":{"line":244,"column":2},"end":{"line":244,"column":15}},"loc":{"start":{"line":244,"column":26},"end":{"line":244,"column":57}},"line":244},"19":{"name":"(anonymous_19)","decl":{"start":{"line":247,"column":2},"end":{"line":247,"column":21}},"loc":{"start":{"line":247,"column":30},"end":{"line":247,"column":58}},"line":247},"20":{"name":"(anonymous_20)","decl":{"start":{"line":250,"column":2},"end":{"line":250,"column":17}},"loc":{"start":{"line":250,"column":28},"end":{"line":250,"column":54}},"line":250},"21":{"name":"(anonymous_21)","decl":{"start":{"line":253,"column":2},"end":{"line":253,"column":24}},"loc":{"start":{"line":253,"column":36},"end":{"line":253,"column":70}},"line":253},"22":{"name":"(anonymous_22)","decl":{"start":{"line":256,"column":2},"end":{"line":256,"column":29}},"loc":{"start":{"line":256,"column":36},"end":{"line":256,"column":70}},"line":256},"23":{"name":"(anonymous_23)","decl":{"start":{"line":259,"column":2},"end":{"line":259,"column":29}},"loc":{"start":{"line":259,"column":29},"end":{"line":265,"column":null}},"line":259}},"branchMap":{"0":{"loc":{"start":{"line":118,"column":37},"end":{"line":118,"column":46}},"type":"default-arg","locations":[{"start":{"line":118,"column":44},"end":{"line":118,"column":46}}],"line":118},"1":{"loc":{"start":{"line":120,"column":31},"end":{"line":120,"column":77}},"type":"binary-expr","locations":[{"start":{"line":120,"column":31},"end":{"line":120,"column":75}},{"start":{"line":120,"column":75},"end":{"line":120,"column":77}}],"line":120},"2":{"loc":{"start":{"line":129,"column":6},"end":{"line":130,"column":null}},"type":"if","locations":[{"start":{"line":129,"column":6},"end":{"line":130,"column":null}},{"start":{},"end":{}}],"line":129},"3":{"loc":{"start":{"line":129,"column":10},"end":{"line":129,"column":63}},"type":"binary-expr","locations":[{"start":{"line":129,"column":10},"end":{"line":129,"column":34}},{"start":{"line":129,"column":34},"end":{"line":129,"column":63}}],"line":129},"4":{"loc":{"start":{"line":132,"column":6},"end":{"line":137,"column":null}},"type":"if","locations":[{"start":{"line":132,"column":6},"end":{"line":137,"column":null}},{"start":{},"end":{}}],"line":132},"5":{"loc":{"start":{"line":132,"column":6},"end":{"line":132,"column":86}},"type":"binary-expr","locations":[{"start":{"line":132,"column":11},"end":{"line":132,"column":35}},{"start":{"line":132,"column":35},"end":{"line":132,"column":59}},{"start":{"line":132,"column":59},"end":{"line":132,"column":86}}],"line":132},"6":{"loc":{"start":{"line":134,"column":8},"end":{"line":137,"column":null}},"type":"if","locations":[{"start":{"line":134,"column":8},"end":{"line":137,"column":null}},{"start":{},"end":{}}],"line":134},"7":{"loc":{"start":{"line":142,"column":24},"end":{"line":148,"column":null}},"type":"cond-expr","locations":[{"start":{"line":142,"column":47},"end":{"line":148,"column":12}},{"start":{"line":148,"column":12},"end":{"line":148,"column":null}}],"line":142},"8":{"loc":{"start":{"line":156,"column":6},"end":{"line":156,"column":null}},"type":"if","locations":[{"start":{"line":156,"column":6},"end":{"line":156,"column":null}},{"start":{},"end":{}}],"line":156},"9":{"loc":{"start":{"line":158,"column":31},"end":{"line":158,"column":76}},"type":"binary-expr","locations":[{"start":{"line":158,"column":31},"end":{"line":158,"column":74}},{"start":{"line":158,"column":74},"end":{"line":158,"column":76}}],"line":158},"10":{"loc":{"start":{"line":178,"column":6},"end":{"line":178,"column":null}},"type":"if","locations":[{"start":{"line":178,"column":6},"end":{"line":178,"column":null}},{"start":{},"end":{}}],"line":178},"11":{"loc":{"start":{"line":192,"column":6},"end":{"line":192,"column":null}},"type":"if","locations":[{"start":{"line":192,"column":6},"end":{"line":192,"column":null}},{"start":{},"end":{}}],"line":192},"12":{"loc":{"start":{"line":206,"column":6},"end":{"line":206,"column":null}},"type":"if","locations":[{"start":{"line":206,"column":6},"end":{"line":206,"column":null}},{"start":{},"end":{}}],"line":206},"13":{"loc":{"start":{"line":211,"column":16},"end":{"line":213,"column":null}},"type":"cond-expr","locations":[{"start":{"line":212,"column":14},"end":{"line":212,"column":76}},{"start":{"line":213,"column":14},"end":{"line":213,"column":null}}],"line":211},"14":{"loc":{"start":{"line":228,"column":4},"end":{"line":228,"column":null}},"type":"if","locations":[{"start":{"line":228,"column":4},"end":{"line":228,"column":null}},{"start":{},"end":{}}],"line":228},"15":{"loc":{"start":{"line":231,"column":4},"end":{"line":231,"column":null}},"type":"if","locations":[{"start":{"line":231,"column":4},"end":{"line":231,"column":null}},{"start":{},"end":{}}],"line":231},"16":{"loc":{"start":{"line":231,"column":8},"end":{"line":231,"column":53}},"type":"binary-expr","locations":[{"start":{"line":231,"column":8},"end":{"line":231,"column":22}},{"start":{"line":231,"column":22},"end":{"line":231,"column":53}}],"line":231},"17":{"loc":{"start":{"line":235,"column":19},"end":{"line":235,"column":48}},"type":"binary-expr","locations":[{"start":{"line":235,"column":19},"end":{"line":235,"column":43}},{"start":{"line":235,"column":43},"end":{"line":235,"column":48}}],"line":235},"18":{"loc":{"start":{"line":240,"column":52},"end":{"line":240,"column":84}},"type":"binary-expr","locations":[{"start":{"line":240,"column":52},"end":{"line":240,"column":76}},{"start":{"line":240,"column":76},"end":{"line":240,"column":84}}],"line":240}},"s":{"0":1,"1":0,"2":1,"3":1,"4":1,"5":1,"6":3,"7":3,"8":3,"9":3,"10":2,"11":3,"12":0,"13":0,"14":0,"15":3,"16":1,"17":1,"18":0,"19":1,"20":1,"21":1,"22":1,"23":0,"24":1,"25":1,"26":1,"27":0,"28":1,"29":2,"30":2,"31":0,"32":2,"33":2,"34":10,"35":2,"36":1,"37":1,"38":0,"39":1,"40":1,"41":0,"42":1,"43":1,"44":3,"45":4,"46":3,"47":3,"48":3,"49":1},"f":{"0":0,"1":1,"2":1,"3":1,"4":3,"5":3,"6":1,"7":1,"8":1,"9":1,"10":1,"11":1,"12":2,"13":2,"14":2,"15":10,"16":2,"17":1,"18":3,"19":4,"20":3,"21":3,"22":3,"23":1},"b":{"0":[3],"1":[3,2],"2":[2,1],"3":[3,2],"4":[0,3],"5":[3,3,0],"6":[0,0],"7":[3,0],"8":[0,1],"9":[1,1],"10":[0,1],"11":[0,1],"12":[0,2],"13":[1,1],"14":[0,1],"15":[0,1],"16":[1,1],"17":[1,1],"18":[1,1]},"meta":{"lastBranch":19,"lastFunction":24,"lastStatement":50,"seen":{"s:91:6:97:Infinity":0,"f:91:6:91:37":0,"s:91:106:97:Infinity":1,"s:99:13:266:3":2,"f:99:32:99:55":1,"s:99:69:266:3":3,"f:112:2:112:13":2,"s:112:23:112:37":4,"f:115:2:115:13":3,"s:115:23:115:37":5,"f:118:2:118:21":4,"b:118:44:118:46":0,"s:119:4:150:Infinity":6,"f:119:4:119:9":5,"s:120:31:120:77":7,"b:120:31:120:75:120:75:120:77":1,"s:122:50:126:Infinity":8,"b:129:6:130:Infinity:undefined:undefined:undefined:undefined":2,"s:129:6:130:Infinity":9,"b:129:10:129:34:129:34:129:63":3,"s:130:8:130:Infinity":10,"b:132:6:137:Infinity:undefined:undefined:undefined:undefined":4,"s:132:6:137:Infinity":11,"b:132:11:132:35:132:35:132:59:132:59:132:86":5,"s:133:8:133:Infinity":12,"b:134:8:137:Infinity:undefined:undefined:undefined:undefined":6,"s:134:8:137:Infinity":13,"s:135:10:137:Infinity":14,"s:141:6:149:Infinity":15,"b:142:47:148:12:148:12:148:Infinity":7,"f:154:2:154:28":6,"s:155:4:172:Infinity":16,"f:155:4:155:9":7,"b:156:6:156:Infinity:undefined:undefined:undefined:undefined":8,"s:156:6:156:Infinity":17,"s:156:33:156:Infinity":18,"s:158:31:158:76":19,"b:158:31:158:74:158:74:158:76":9,"s:160:6:171:Infinity":20,"f:176:2:176:11":8,"s:177:4:186:Infinity":21,"f:177:4:177:9":9,"b:178:6:178:Infinity:undefined:undefined:undefined:undefined":10,"s:178:6:178:Infinity":22,"s:178:33:178:Infinity":23,"s:180:6:185:Infinity":24,"f:190:2:190:12":10,"s:191:4:200:Infinity":25,"f:191:4:191:9":11,"b:192:6:192:Infinity:undefined:undefined:undefined:undefined":11,"s:192:6:192:Infinity":26,"s:192:33:192:Infinity":27,"s:194:6:199:Infinity":28,"f:204:2:204:14":12,"s:205:4:216:Infinity":29,"f:205:4:205:9":13,"b:206:6:206:Infinity:undefined:undefined:undefined:undefined":12,"s:206:6:206:Infinity":30,"s:206:33:206:Infinity":31,"s:208:6:215:Infinity":32,"b:212:14:212:76:213:14:213:Infinity":13,"f:212:40:212:47":14,"s:212:54:212:76":33,"f:220:2:220:22":15,"s:220:32:220:62":34,"f:223:2:223:19":16,"s:223:35:223:55":35,"f:226:13:226:20":17,"s:227:18:227:23":36,"b:228:4:228:Infinity:undefined:undefined:undefined:undefined":14,"s:228:4:228:Infinity":37,"s:228:31:228:Infinity":38,"s:230:22:230:Infinity":39,"b:231:4:231:Infinity:undefined:undefined:undefined:undefined":15,"s:231:4:231:Infinity":40,"b:231:8:231:22:231:22:231:53":16,"s:231:53:231:Infinity":41,"s:234:4:237:Infinity":42,"b:235:19:235:43:235:43:235:48":17,"s:240:4:240:Infinity":43,"b:240:52:240:76:240:76:240:84":18,"f:244:2:244:15":18,"s:244:26:244:57":44,"f:247:2:247:21":19,"s:247:30:247:58":45,"f:250:2:250:17":20,"s:250:28:250:54":46,"f:253:2:253:24":21,"s:253:36:253:70":47,"f:256:2:256:29":22,"s:256:36:256:70":48,"f:259:2:259:29":23,"s:259:29:265:Infinity":49}}}
}
